[2015-04-01 00:08:55] local.ERROR: exception 'PDOException' with message 'SQLSTATE[42S02]: Base table or view not found: 1146 Table 'tertiary-reviews.schools' doesn't exist' in /Users/hannahteonea/Sites/tertiary-reviews-master/vendor/laravel/framework/src/Illuminate/Database/Connection.php:288
Stack trace:
#0 /Users/hannahteonea/Sites/tertiary-reviews-master/vendor/laravel/framework/src/Illuminate/Database/Connection.php(288): PDO->prepare('select * from `...')
#1 /Users/hannahteonea/Sites/tertiary-reviews-master/vendor/laravel/framework/src/Illuminate/Database/Connection.php(612): Illuminate\Database\Connection->Illuminate\Database\{closure}(Object(Illuminate\Database\MySqlConnection), 'select * from `...', Array)
#2 /Users/hannahteonea/Sites/tertiary-reviews-master/vendor/laravel/framework/src/Illuminate/Database/Connection.php(576): Illuminate\Database\Connection->runQueryCallback('select * from `...', Array, Object(Closure))
#3 /Users/hannahteonea/Sites/tertiary-reviews-master/vendor/laravel/framework/src/Illuminate/Database/Connection.php(293): Illuminate\Database\Connection->run('select * from `...', Array, Object(Closure))
#4 /Users/hannahteonea/Sites/tertiary-reviews-master/vendor/laravel/framework/src/Illuminate/Database/Query/Builder.php(1377): Illuminate\Database\Connection->select('select * from `...', Array, true)
#5 /Users/hannahteonea/Sites/tertiary-reviews-master/vendor/laravel/framework/src/Illuminate/Database/Query/Builder.php(1367): Illuminate\Database\Query\Builder->runSelect()
#6 /Users/hannahteonea/Sites/tertiary-reviews-master/vendor/laravel/framework/src/Illuminate/Database/Query/Builder.php(1354): Illuminate\Database\Query\Builder->getFresh(Array)
#7 /Users/hannahteonea/Sites/tertiary-reviews-master/vendor/laravel/framework/src/Illuminate/Database/Eloquent/Builder.php(380): Illuminate\Database\Query\Builder->get(Array)
#8 /Users/hannahteonea/Sites/tertiary-reviews-master/vendor/laravel/framework/src/Illuminate/Database/Eloquent/Builder.php(162): Illuminate\Database\Eloquent\Builder->getModels(Array)
#9 /Users/hannahteonea/Sites/tertiary-reviews-master/vendor/laravel/framework/src/Illuminate/Database/Eloquent/Model.php(663): Illuminate\Database\Eloquent\Builder->get(Array)
#10 /Users/hannahteonea/Sites/tertiary-reviews-master/app/Http/Controllers/SchoolsController.php(13): Illuminate\Database\Eloquent\Model::all()
#11 [internal function]: App\Http\Controllers\SchoolsController->index()
#12 /Users/hannahteonea/Sites/tertiary-reviews-master/vendor/laravel/framework/src/Illuminate/Routing/Controller.php(246): call_user_func_array(Array, Array)
#13 /Users/hannahteonea/Sites/tertiary-reviews-master/vendor/laravel/framework/src/Illuminate/Routing/ControllerDispatcher.php(162): Illuminate\Routing\Controller->callAction('index', Array)
#14 /Users/hannahteonea/Sites/tertiary-reviews-master/vendor/laravel/framework/src/Illuminate/Routing/ControllerDispatcher.php(107): Illuminate\Routing\ControllerDispatcher->call(Object(App\Http\Controllers\SchoolsController), Object(Illuminate\Routing\Route), 'index')
#15 [internal function]: Illuminate\Routing\ControllerDispatcher->Illuminate\Routing\{closure}(Object(Illuminate\Http\Request))
#16 /Users/hannahteonea/Sites/tertiary-reviews-master/vendor/laravel/framework/src/Illuminate/Pipeline/Pipeline.php(141): call_user_func(Object(Closure), Object(Illuminate\Http\Request))
#17 [internal function]: Illuminate\Pipeline\Pipeline->Illuminate\Pipeline\{closure}(Object(Illuminate\Http\Request))
#18 /Users/hannahteonea/Sites/tertiary-reviews-master/vendor/laravel/framework/src/Illuminate/Pipeline/Pipeline.php(101): call_user_func(Object(Closure), Object(Illuminate\Http\Request))
#19 /Users/hannahteonea/Sites/tertiary-reviews-master/vendor/laravel/framework/src/Illuminate/Routing/ControllerDispatcher.php(108): Illuminate\Pipeline\Pipeline->then(Object(Closure))
#20 /Users/hannahteonea/Sites/tertiary-reviews-master/vendor/laravel/framework/src/Illuminate/Routing/ControllerDispatcher.php(67): Illuminate\Routing\ControllerDispatcher->callWithinStack(Object(App\Http\Controllers\SchoolsController), Object(Illuminate\Routing\Route), Object(Illuminate\Http\Request), 'index')
#21 /Users/hannahteonea/Sites/tertiary-reviews-master/vendor/laravel/framework/src/Illuminate/Routing/Route.php(198): Illuminate\Routing\ControllerDispatcher->dispatch(Object(Illuminate\Routing\Route), Object(Illuminate\Http\Request), 'App\\Http\\Contro...', 'index')
#22 /Users/hannahteonea/Sites/tertiary-reviews-master/vendor/laravel/framework/src/Illuminate/Routing/Route.php(131): Illuminate\Routing\Route->runWithCustomDispatcher(Object(Illuminate\Http\Request))
#23 /Users/hannahteonea/Sites/tertiary-reviews-master/vendor/laravel/framework/src/Illuminate/Routing/Router.php(692): Illuminate\Routing\Route->run(Object(Illuminate\Http\Request))
#24 [internal function]: Illuminate\Routing\Router->Illuminate\Routing\{closure}(Object(Illuminate\Http\Request))
#25 /Users/hannahteonea/Sites/tertiary-reviews-master/vendor/laravel/framework/src/Illuminate/Pipeline/Pipeline.php(141): call_user_func(Object(Closure), Object(Illuminate\Http\Request))
#26 [internal function]: Illuminate\Pipeline\Pipeline->Illuminate\Pipeline\{closure}(Object(Illuminate\Http\Request))
#27 /Users/hannahteonea/Sites/tertiary-reviews-master/vendor/laravel/framework/src/Illuminate/Pipeline/Pipeline.php(101): call_user_func(Object(Closure), Object(Illuminate\Http\Request))
#28 /Users/hannahteonea/Sites/tertiary-reviews-master/vendor/laravel/framework/src/Illuminate/Routing/Router.php(694): Illuminate\Pipeline\Pipeline->then(Object(Closure))
#29 /Users/hannahteonea/Sites/tertiary-reviews-master/vendor/laravel/framework/src/Illuminate/Routing/Router.php(661): Illuminate\Routing\Router->runRouteWithinStack(Object(Illuminate\Routing\Route), Object(Illuminate\Http\Request))
#30 /Users/hannahteonea/Sites/tertiary-reviews-master/vendor/laravel/framework/src/Illuminate/Routing/Router.php(619): Illuminate\Routing\Router->dispatchToRoute(Object(Illuminate\Http\Request))
#31 /Users/hannahteonea/Sites/tertiary-reviews-master/vendor/laravel/framework/src/Illuminate/Foundation/Http/Kernel.php(214): Illuminate\Routing\Router->dispatch(Object(Illuminate\Http\Request))
#32 [internal function]: Illuminate\Foundation\Http\Kernel->Illuminate\Foundation\Http\{closure}(Object(Illuminate\Http\Request))
#33 /Users/hannahteonea/Sites/tertiary-reviews-master/vendor/laravel/framework/src/Illuminate/Pipeline/Pipeline.php(141): call_user_func(Object(Closure), Object(Illuminate\Http\Request))
#34 /Users/hannahteonea/Sites/tertiary-reviews-master/vendor/laravel/framework/src/Illuminate/Foundation/Http/Middleware/VerifyCsrfToken.php(43): Illuminate\Pipeline\Pipeline->Illuminate\Pipeline\{closure}(Object(Illuminate\Http\Request))
#35 /Users/hannahteonea/Sites/tertiary-reviews-master/app/Http/Middleware/VerifyCsrfToken.php(17): Illuminate\Foundation\Http\Middleware\VerifyCsrfToken->handle(Object(Illuminate\Http\Request), Object(Closure))
#36 /Users/hannahteonea/Sites/tertiary-reviews-master/vendor/laravel/framework/src/Illuminate/Pipeline/Pipeline.php(125): App\Http\Middleware\VerifyCsrfToken->handle(Object(Illuminate\Http\Request), Object(Closure))
#37 /Users/hannahteonea/Sites/tertiary-reviews-master/vendor/laravel/framework/src/Illuminate/View/Middleware/ShareErrorsFromSession.php(55): Illuminate\Pipeline\Pipeline->Illuminate\Pipeline\{closure}(Object(Illuminate\Http\Request))
#38 /Users/hannahteonea/Sites/tertiary-reviews-master/vendor/laravel/framework/src/Illuminate/Pipeline/Pipeline.php(125): Illuminate\View\Middleware\ShareErrorsFromSession->handle(Object(Illuminate\Http\Request), Object(Closure))
#39 /Users/hannahteonea/Sites/tertiary-reviews-master/vendor/laravel/framework/src/Illuminate/Session/Middleware/StartSession.php(61): Illuminate\Pipeline\Pipeline->Illuminate\Pipeline\{closure}(Object(Illuminate\Http\Request))
#40 /Users/hannahteonea/Sites/tertiary-reviews-master/vendor/laravel/framework/src/Illuminate/Pipeline/Pipeline.php(125): Illuminate\Session\Middleware\StartSession->handle(Object(Illuminate\Http\Request), Object(Closure))
#41 /Users/hannahteonea/Sites/tertiary-reviews-master/vendor/laravel/framework/src/Illuminate/Cookie/Middleware/AddQueuedCookiesToResponse.php(36): Illuminate\Pipeline\Pipeline->Illuminate\Pipeline\{closure}(Object(Illuminate\Http\Request))
#42 /Users/hannahteonea/Sites/tertiary-reviews-master/vendor/laravel/framework/src/Illuminate/Pipeline/Pipeline.php(125): Illuminate\Cookie\Middleware\AddQueuedCookiesToResponse->handle(Object(Illuminate\Http\Request), Object(Closure))
#43 /Users/hannahteonea/Sites/tertiary-reviews-master/vendor/laravel/framework/src/Illuminate/Cookie/Middleware/EncryptCookies.php(40): Illuminate\Pipeline\Pipeline->Illuminate\Pipeline\{closure}(Object(Illuminate\Http\Request))
#44 /Users/hannahteonea/Sites/tertiary-reviews-master/vendor/laravel/framework/src/Illuminate/Pipeline/Pipeline.php(125): Illuminate\Cookie\Middleware\EncryptCookies->handle(Object(Illuminate\Http\Request), Object(Closure))
#45 /Users/hannahteonea/Sites/tertiary-reviews-master/vendor/laravel/framework/src/Illuminate/Foundation/Http/Middleware/CheckForMaintenanceMode.php(42): Illuminate\Pipeline\Pipeline->Illuminate\Pipeline\{closure}(Object(Illuminate\Http\Request))
#46 /Users/hannahteonea/Sites/tertiary-reviews-master/vendor/laravel/framework/src/Illuminate/Pipeline/Pipeline.php(125): Illuminate\Foundation\Http\Middleware\CheckForMaintenanceMode->handle(Object(Illuminate\Http\Request), Object(Closure))
#47 [internal function]: Illuminate\Pipeline\Pipeline->Illuminate\Pipeline\{closure}(Object(Illuminate\Http\Request))
#48 /Users/hannahteonea/Sites/tertiary-reviews-master/vendor/laravel/framework/src/Illuminate/Pipeline/Pipeline.php(101): call_user_func(Object(Closure), Object(Illuminate\Http\Request))
#49 /Users/hannahteonea/Sites/tertiary-reviews-master/vendor/laravel/framework/src/Illuminate/Foundation/Http/Kernel.php(115): Illuminate\Pipeline\Pipeline->then(Object(Closure))
#50 /Users/hannahteonea/Sites/tertiary-reviews-master/vendor/laravel/framework/src/Illuminate/Foundation/Http/Kernel.php(84): Illuminate\Foundation\Http\Kernel->sendRequestThroughRouter(Object(Illuminate\Http\Request))
#51 /Users/hannahteonea/Sites/tertiary-reviews-master/public/index.php(53): Illuminate\Foundation\Http\Kernel->handle(Object(Illuminate\Http\Request))
#52 /Users/hannahteonea/Sites/tertiary-reviews-master/server.php(21): require_once('/Users/hannahte...')
#53 {main}

Next exception 'Illuminate\Database\QueryException' with message 'SQLSTATE[42S02]: Base table or view not found: 1146 Table 'tertiary-reviews.schools' doesn't exist (SQL: select * from `schools`)' in /Users/hannahteonea/Sites/tertiary-reviews-master/vendor/laravel/framework/src/Illuminate/Database/Connection.php:620
Stack trace:
#0 /Users/hannahteonea/Sites/tertiary-reviews-master/vendor/laravel/framework/src/Illuminate/Database/Connection.php(576): Illuminate\Database\Connection->runQueryCallback('select * from `...', Array, Object(Closure))
#1 /Users/hannahteonea/Sites/tertiary-reviews-master/vendor/laravel/framework/src/Illuminate/Database/Connection.php(293): Illuminate\Database\Connection->run('select * from `...', Array, Object(Closure))
#2 /Users/hannahteonea/Sites/tertiary-reviews-master/vendor/laravel/framework/src/Illuminate/Database/Query/Builder.php(1377): Illuminate\Database\Connection->select('select * from `...', Array, true)
#3 /Users/hannahteonea/Sites/tertiary-reviews-master/vendor/laravel/framework/src/Illuminate/Database/Query/Builder.php(1367): Illuminate\Database\Query\Builder->runSelect()
#4 /Users/hannahteonea/Sites/tertiary-reviews-master/vendor/laravel/framework/src/Illuminate/Database/Query/Builder.php(1354): Illuminate\Database\Query\Builder->getFresh(Array)
#5 /Users/hannahteonea/Sites/tertiary-reviews-master/vendor/laravel/framework/src/Illuminate/Database/Eloquent/Builder.php(380): Illuminate\Database\Query\Builder->get(Array)
#6 /Users/hannahteonea/Sites/tertiary-reviews-master/vendor/laravel/framework/src/Illuminate/Database/Eloquent/Builder.php(162): Illuminate\Database\Eloquent\Builder->getModels(Array)
#7 /Users/hannahteonea/Sites/tertiary-reviews-master/vendor/laravel/framework/src/Illuminate/Database/Eloquent/Model.php(663): Illuminate\Database\Eloquent\Builder->get(Array)
#8 /Users/hannahteonea/Sites/tertiary-reviews-master/app/Http/Controllers/SchoolsController.php(13): Illuminate\Database\Eloquent\Model::all()
#9 [internal function]: App\Http\Controllers\SchoolsController->index()
#10 /Users/hannahteonea/Sites/tertiary-reviews-master/vendor/laravel/framework/src/Illuminate/Routing/Controller.php(246): call_user_func_array(Array, Array)
#11 /Users/hannahteonea/Sites/tertiary-reviews-master/vendor/laravel/framework/src/Illuminate/Routing/ControllerDispatcher.php(162): Illuminate\Routing\Controller->callAction('index', Array)
#12 /Users/hannahteonea/Sites/tertiary-reviews-master/vendor/laravel/framework/src/Illuminate/Routing/ControllerDispatcher.php(107): Illuminate\Routing\ControllerDispatcher->call(Object(App\Http\Controllers\SchoolsController), Object(Illuminate\Routing\Route), 'index')
#13 [internal function]: Illuminate\Routing\ControllerDispatcher->Illuminate\Routing\{closure}(Object(Illuminate\Http\Request))
#14 /Users/hannahteonea/Sites/tertiary-reviews-master/vendor/laravel/framework/src/Illuminate/Pipeline/Pipeline.php(141): call_user_func(Object(Closure), Object(Illuminate\Http\Request))
#15 [internal function]: Illuminate\Pipeline\Pipeline->Illuminate\Pipeline\{closure}(Object(Illuminate\Http\Request))
#16 /Users/hannahteonea/Sites/tertiary-reviews-master/vendor/laravel/framework/src/Illuminate/Pipeline/Pipeline.php(101): call_user_func(Object(Closure), Object(Illuminate\Http\Request))
#17 /Users/hannahteonea/Sites/tertiary-reviews-master/vendor/laravel/framework/src/Illuminate/Routing/ControllerDispatcher.php(108): Illuminate\Pipeline\Pipeline->then(Object(Closure))
#18 /Users/hannahteonea/Sites/tertiary-reviews-master/vendor/laravel/framework/src/Illuminate/Routing/ControllerDispatcher.php(67): Illuminate\Routing\ControllerDispatcher->callWithinStack(Object(App\Http\Controllers\SchoolsController), Object(Illuminate\Routing\Route), Object(Illuminate\Http\Request), 'index')
#19 /Users/hannahteonea/Sites/tertiary-reviews-master/vendor/laravel/framework/src/Illuminate/Routing/Route.php(198): Illuminate\Routing\ControllerDispatcher->dispatch(Object(Illuminate\Routing\Route), Object(Illuminate\Http\Request), 'App\\Http\\Contro...', 'index')
#20 /Users/hannahteonea/Sites/tertiary-reviews-master/vendor/laravel/framework/src/Illuminate/Routing/Route.php(131): Illuminate\Routing\Route->runWithCustomDispatcher(Object(Illuminate\Http\Request))
#21 /Users/hannahteonea/Sites/tertiary-reviews-master/vendor/laravel/framework/src/Illuminate/Routing/Router.php(692): Illuminate\Routing\Route->run(Object(Illuminate\Http\Request))
#22 [internal function]: Illuminate\Routing\Router->Illuminate\Routing\{closure}(Object(Illuminate\Http\Request))
#23 /Users/hannahteonea/Sites/tertiary-reviews-master/vendor/laravel/framework/src/Illuminate/Pipeline/Pipeline.php(141): call_user_func(Object(Closure), Object(Illuminate\Http\Request))
#24 [internal function]: Illuminate\Pipeline\Pipeline->Illuminate\Pipeline\{closure}(Object(Illuminate\Http\Request))
#25 /Users/hannahteonea/Sites/tertiary-reviews-master/vendor/laravel/framework/src/Illuminate/Pipeline/Pipeline.php(101): call_user_func(Object(Closure), Object(Illuminate\Http\Request))
#26 /Users/hannahteonea/Sites/tertiary-reviews-master/vendor/laravel/framework/src/Illuminate/Routing/Router.php(694): Illuminate\Pipeline\Pipeline->then(Object(Closure))
#27 /Users/hannahteonea/Sites/tertiary-reviews-master/vendor/laravel/framework/src/Illuminate/Routing/Router.php(661): Illuminate\Routing\Router->runRouteWithinStack(Object(Illuminate\Routing\Route), Object(Illuminate\Http\Request))
#28 /Users/hannahteonea/Sites/tertiary-reviews-master/vendor/laravel/framework/src/Illuminate/Routing/Router.php(619): Illuminate\Routing\Router->dispatchToRoute(Object(Illuminate\Http\Request))
#29 /Users/hannahteonea/Sites/tertiary-reviews-master/vendor/laravel/framework/src/Illuminate/Foundation/Http/Kernel.php(214): Illuminate\Routing\Router->dispatch(Object(Illuminate\Http\Request))
#30 [internal function]: Illuminate\Foundation\Http\Kernel->Illuminate\Foundation\Http\{closure}(Object(Illuminate\Http\Request))
#31 /Users/hannahteonea/Sites/tertiary-reviews-master/vendor/laravel/framework/src/Illuminate/Pipeline/Pipeline.php(141): call_user_func(Object(Closure), Object(Illuminate\Http\Request))
#32 /Users/hannahteonea/Sites/tertiary-reviews-master/vendor/laravel/framework/src/Illuminate/Foundation/Http/Middleware/VerifyCsrfToken.php(43): Illuminate\Pipeline\Pipeline->Illuminate\Pipeline\{closure}(Object(Illuminate\Http\Request))
#33 /Users/hannahteonea/Sites/tertiary-reviews-master/app/Http/Middleware/VerifyCsrfToken.php(17): Illuminate\Foundation\Http\Middleware\VerifyCsrfToken->handle(Object(Illuminate\Http\Request), Object(Closure))
#34 /Users/hannahteonea/Sites/tertiary-reviews-master/vendor/laravel/framework/src/Illuminate/Pipeline/Pipeline.php(125): App\Http\Middleware\VerifyCsrfToken->handle(Object(Illuminate\Http\Request), Object(Closure))
#35 /Users/hannahteonea/Sites/tertiary-reviews-master/vendor/laravel/framework/src/Illuminate/View/Middleware/ShareErrorsFromSession.php(55): Illuminate\Pipeline\Pipeline->Illuminate\Pipeline\{closure}(Object(Illuminate\Http\Request))
#36 /Users/hannahteonea/Sites/tertiary-reviews-master/vendor/laravel/framework/src/Illuminate/Pipeline/Pipeline.php(125): Illuminate\View\Middleware\ShareErrorsFromSession->handle(Object(Illuminate\Http\Request), Object(Closure))
#37 /Users/hannahteonea/Sites/tertiary-reviews-master/vendor/laravel/framework/src/Illuminate/Session/Middleware/StartSession.php(61): Illuminate\Pipeline\Pipeline->Illuminate\Pipeline\{closure}(Object(Illuminate\Http\Request))
#38 /Users/hannahteonea/Sites/tertiary-reviews-master/vendor/laravel/framework/src/Illuminate/Pipeline/Pipeline.php(125): Illuminate\Session\Middleware\StartSession->handle(Object(Illuminate\Http\Request), Object(Closure))
#39 /Users/hannahteonea/Sites/tertiary-reviews-master/vendor/laravel/framework/src/Illuminate/Cookie/Middleware/AddQueuedCookiesToResponse.php(36): Illuminate\Pipeline\Pipeline->Illuminate\Pipeline\{closure}(Object(Illuminate\Http\Request))
#40 /Users/hannahteonea/Sites/tertiary-reviews-master/vendor/laravel/framework/src/Illuminate/Pipeline/Pipeline.php(125): Illuminate\Cookie\Middleware\AddQueuedCookiesToResponse->handle(Object(Illuminate\Http\Request), Object(Closure))
#41 /Users/hannahteonea/Sites/tertiary-reviews-master/vendor/laravel/framework/src/Illuminate/Cookie/Middleware/EncryptCookies.php(40): Illuminate\Pipeline\Pipeline->Illuminate\Pipeline\{closure}(Object(Illuminate\Http\Request))
#42 /Users/hannahteonea/Sites/tertiary-reviews-master/vendor/laravel/framework/src/Illuminate/Pipeline/Pipeline.php(125): Illuminate\Cookie\Middleware\EncryptCookies->handle(Object(Illuminate\Http\Request), Object(Closure))
#43 /Users/hannahteonea/Sites/tertiary-reviews-master/vendor/laravel/framework/src/Illuminate/Foundation/Http/Middleware/CheckForMaintenanceMode.php(42): Illuminate\Pipeline\Pipeline->Illuminate\Pipeline\{closure}(Object(Illuminate\Http\Request))
#44 /Users/hannahteonea/Sites/tertiary-reviews-master/vendor/laravel/framework/src/Illuminate/Pipeline/Pipeline.php(125): Illuminate\Foundation\Http\Middleware\CheckForMaintenanceMode->handle(Object(Illuminate\Http\Request), Object(Closure))
#45 [internal function]: Illuminate\Pipeline\Pipeline->Illuminate\Pipeline\{closure}(Object(Illuminate\Http\Request))
#46 /Users/hannahteonea/Sites/tertiary-reviews-master/vendor/laravel/framework/src/Illuminate/Pipeline/Pipeline.php(101): call_user_func(Object(Closure), Object(Illuminate\Http\Request))
#47 /Users/hannahteonea/Sites/tertiary-reviews-master/vendor/laravel/framework/src/Illuminate/Foundation/Http/Kernel.php(115): Illuminate\Pipeline\Pipeline->then(Object(Closure))
#48 /Users/hannahteonea/Sites/tertiary-reviews-master/vendor/laravel/framework/src/Illuminate/Foundation/Http/Kernel.php(84): Illuminate\Foundation\Http\Kernel->sendRequestThroughRouter(Object(Illuminate\Http\Request))
#49 /Users/hannahteonea/Sites/tertiary-reviews-master/public/index.php(53): Illuminate\Foundation\Http\Kernel->handle(Object(Illuminate\Http\Request))
#50 /Users/hannahteonea/Sites/tertiary-reviews-master/server.php(21): require_once('/Users/hannahte...')
#51 {main}  
[2015-04-01 00:09:51] local.ERROR: exception 'PDOException' with message 'SQLSTATE[HY000]: General error: 1215 Cannot add foreign key constraint' in /Users/hannahteonea/Sites/tertiary-reviews-master/vendor/laravel/framework/src/Illuminate/Database/Connection.php:358
Stack trace:
#0 /Users/hannahteonea/Sites/tertiary-reviews-master/vendor/laravel/framework/src/Illuminate/Database/Connection.php(358): PDOStatement->execute(Array)
#1 /Users/hannahteonea/Sites/tertiary-reviews-master/vendor/laravel/framework/src/Illuminate/Database/Connection.php(612): Illuminate\Database\Connection->Illuminate\Database\{closure}(Object(Illuminate\Database\MySqlConnection), 'alter table `co...', Array)
#2 /Users/hannahteonea/Sites/tertiary-reviews-master/vendor/laravel/framework/src/Illuminate/Database/Connection.php(576): Illuminate\Database\Connection->runQueryCallback('alter table `co...', Array, Object(Closure))
#3 /Users/hannahteonea/Sites/tertiary-reviews-master/vendor/laravel/framework/src/Illuminate/Database/Connection.php(359): Illuminate\Database\Connection->run('alter table `co...', Array, Object(Closure))
#4 /Users/hannahteonea/Sites/tertiary-reviews-master/vendor/laravel/framework/src/Illuminate/Database/Schema/Blueprint.php(63): Illuminate\Database\Connection->statement('alter table `co...')
#5 /Users/hannahteonea/Sites/tertiary-reviews-master/vendor/laravel/framework/src/Illuminate/Database/Schema/Builder.php(169): Illuminate\Database\Schema\Blueprint->build(Object(Illuminate\Database\MySqlConnection), Object(Illuminate\Database\Schema\Grammars\MySqlGrammar))
#6 /Users/hannahteonea/Sites/tertiary-reviews-master/vendor/laravel/framework/src/Illuminate/Database/Schema/Builder.php(112): Illuminate\Database\Schema\Builder->build(Object(Illuminate\Database\Schema\Blueprint))
#7 /Users/hannahteonea/Sites/tertiary-reviews-master/vendor/laravel/framework/src/Illuminate/Support/Facades/Facade.php(213): Illuminate\Database\Schema\Builder->create('courseReviews', Object(Closure))
#8 /Users/hannahteonea/Sites/tertiary-reviews-master/database/migrations/2015_03_30_210707_create_courseReviews_table.php(23): Illuminate\Support\Facades\Facade::__callStatic('create', Array)
#9 /Users/hannahteonea/Sites/tertiary-reviews-master/database/migrations/2015_03_30_210707_create_courseReviews_table.php(23): Illuminate\Support\Facades\Schema::create('courseReviews', Object(Closure))
#10 /Users/hannahteonea/Sites/tertiary-reviews-master/vendor/laravel/framework/src/Illuminate/Database/Migrations/Migrator.php(135): CreateCourseReviewsTable->up()
#11 /Users/hannahteonea/Sites/tertiary-reviews-master/vendor/laravel/framework/src/Illuminate/Database/Migrations/Migrator.php(111): Illuminate\Database\Migrations\Migrator->runUp('2015_03_30_2107...', 1, false)
#12 /Users/hannahteonea/Sites/tertiary-reviews-master/vendor/laravel/framework/src/Illuminate/Database/Migrations/Migrator.php(82): Illuminate\Database\Migrations\Migrator->runMigrationList(Array, false)
#13 /Users/hannahteonea/Sites/tertiary-reviews-master/vendor/laravel/framework/src/Illuminate/Database/Console/Migrations/MigrateCommand.php(73): Illuminate\Database\Migrations\Migrator->run('/Users/hannahte...', false)
#14 [internal function]: Illuminate\Database\Console\Migrations\MigrateCommand->fire()
#15 /Users/hannahteonea/Sites/tertiary-reviews-master/vendor/laravel/framework/src/Illuminate/Container/Container.php(523): call_user_func_array(Array, Array)
#16 /Users/hannahteonea/Sites/tertiary-reviews-master/vendor/laravel/framework/src/Illuminate/Console/Command.php(115): Illuminate\Container\Container->call(Array)
#17 /Users/hannahteonea/Sites/tertiary-reviews-master/vendor/symfony/console/Symfony/Component/Console/Command/Command.php(257): Illuminate\Console\Command->execute(Object(Symfony\Component\Console\Input\ArgvInput), Object(Symfony\Component\Console\Output\ConsoleOutput))
#18 /Users/hannahteonea/Sites/tertiary-reviews-master/vendor/laravel/framework/src/Illuminate/Console/Command.php(101): Symfony\Component\Console\Command\Command->run(Object(Symfony\Component\Console\Input\ArgvInput), Object(Symfony\Component\Console\Output\ConsoleOutput))
#19 /Users/hannahteonea/Sites/tertiary-reviews-master/vendor/symfony/console/Symfony/Component/Console/Application.php(874): Illuminate\Console\Command->run(Object(Symfony\Component\Console\Input\ArgvInput), Object(Symfony\Component\Console\Output\ConsoleOutput))
#20 /Users/hannahteonea/Sites/tertiary-reviews-master/vendor/symfony/console/Symfony/Component/Console/Application.php(195): Symfony\Component\Console\Application->doRunCommand(Object(Illuminate\Database\Console\Migrations\MigrateCommand), Object(Symfony\Component\Console\Input\ArgvInput), Object(Symfony\Component\Console\Output\ConsoleOutput))
#21 /Users/hannahteonea/Sites/tertiary-reviews-master/vendor/symfony/console/Symfony/Component/Console/Application.php(126): Symfony\Component\Console\Application->doRun(Object(Symfony\Component\Console\Input\ArgvInput), Object(Symfony\Component\Console\Output\ConsoleOutput))
#22 /Users/hannahteonea/Sites/tertiary-reviews-master/vendor/laravel/framework/src/Illuminate/Foundation/Console/Kernel.php(94): Symfony\Component\Console\Application->run(Object(Symfony\Component\Console\Input\ArgvInput), Object(Symfony\Component\Console\Output\ConsoleOutput))
#23 /Users/hannahteonea/Sites/tertiary-reviews-master/artisan(36): Illuminate\Foundation\Console\Kernel->handle(Object(Symfony\Component\Console\Input\ArgvInput), Object(Symfony\Component\Console\Output\ConsoleOutput))
#24 {main}

Next exception 'Illuminate\Database\QueryException' with message 'SQLSTATE[HY000]: General error: 1215 Cannot add foreign key constraint (SQL: alter table `courseReviews` add constraint coursereviews_courseid_foreign foreign key (`courseID`) references `courses` (`courseID`))' in /Users/hannahteonea/Sites/tertiary-reviews-master/vendor/laravel/framework/src/Illuminate/Database/Connection.php:620
Stack trace:
#0 /Users/hannahteonea/Sites/tertiary-reviews-master/vendor/laravel/framework/src/Illuminate/Database/Connection.php(576): Illuminate\Database\Connection->runQueryCallback('alter table `co...', Array, Object(Closure))
#1 /Users/hannahteonea/Sites/tertiary-reviews-master/vendor/laravel/framework/src/Illuminate/Database/Connection.php(359): Illuminate\Database\Connection->run('alter table `co...', Array, Object(Closure))
#2 /Users/hannahteonea/Sites/tertiary-reviews-master/vendor/laravel/framework/src/Illuminate/Database/Schema/Blueprint.php(63): Illuminate\Database\Connection->statement('alter table `co...')
#3 /Users/hannahteonea/Sites/tertiary-reviews-master/vendor/laravel/framework/src/Illuminate/Database/Schema/Builder.php(169): Illuminate\Database\Schema\Blueprint->build(Object(Illuminate\Database\MySqlConnection), Object(Illuminate\Database\Schema\Grammars\MySqlGrammar))
#4 /Users/hannahteonea/Sites/tertiary-reviews-master/vendor/laravel/framework/src/Illuminate/Database/Schema/Builder.php(112): Illuminate\Database\Schema\Builder->build(Object(Illuminate\Database\Schema\Blueprint))
#5 /Users/hannahteonea/Sites/tertiary-reviews-master/vendor/laravel/framework/src/Illuminate/Support/Facades/Facade.php(213): Illuminate\Database\Schema\Builder->create('courseReviews', Object(Closure))
#6 /Users/hannahteonea/Sites/tertiary-reviews-master/database/migrations/2015_03_30_210707_create_courseReviews_table.php(23): Illuminate\Support\Facades\Facade::__callStatic('create', Array)
#7 /Users/hannahteonea/Sites/tertiary-reviews-master/database/migrations/2015_03_30_210707_create_courseReviews_table.php(23): Illuminate\Support\Facades\Schema::create('courseReviews', Object(Closure))
#8 /Users/hannahteonea/Sites/tertiary-reviews-master/vendor/laravel/framework/src/Illuminate/Database/Migrations/Migrator.php(135): CreateCourseReviewsTable->up()
#9 /Users/hannahteonea/Sites/tertiary-reviews-master/vendor/laravel/framework/src/Illuminate/Database/Migrations/Migrator.php(111): Illuminate\Database\Migrations\Migrator->runUp('2015_03_30_2107...', 1, false)
#10 /Users/hannahteonea/Sites/tertiary-reviews-master/vendor/laravel/framework/src/Illuminate/Database/Migrations/Migrator.php(82): Illuminate\Database\Migrations\Migrator->runMigrationList(Array, false)
#11 /Users/hannahteonea/Sites/tertiary-reviews-master/vendor/laravel/framework/src/Illuminate/Database/Console/Migrations/MigrateCommand.php(73): Illuminate\Database\Migrations\Migrator->run('/Users/hannahte...', false)
#12 [internal function]: Illuminate\Database\Console\Migrations\MigrateCommand->fire()
#13 /Users/hannahteonea/Sites/tertiary-reviews-master/vendor/laravel/framework/src/Illuminate/Container/Container.php(523): call_user_func_array(Array, Array)
#14 /Users/hannahteonea/Sites/tertiary-reviews-master/vendor/laravel/framework/src/Illuminate/Console/Command.php(115): Illuminate\Container\Container->call(Array)
#15 /Users/hannahteonea/Sites/tertiary-reviews-master/vendor/symfony/console/Symfony/Component/Console/Command/Command.php(257): Illuminate\Console\Command->execute(Object(Symfony\Component\Console\Input\ArgvInput), Object(Symfony\Component\Console\Output\ConsoleOutput))
#16 /Users/hannahteonea/Sites/tertiary-reviews-master/vendor/laravel/framework/src/Illuminate/Console/Command.php(101): Symfony\Component\Console\Command\Command->run(Object(Symfony\Component\Console\Input\ArgvInput), Object(Symfony\Component\Console\Output\ConsoleOutput))
#17 /Users/hannahteonea/Sites/tertiary-reviews-master/vendor/symfony/console/Symfony/Component/Console/Application.php(874): Illuminate\Console\Command->run(Object(Symfony\Component\Console\Input\ArgvInput), Object(Symfony\Component\Console\Output\ConsoleOutput))
#18 /Users/hannahteonea/Sites/tertiary-reviews-master/vendor/symfony/console/Symfony/Component/Console/Application.php(195): Symfony\Component\Console\Application->doRunCommand(Object(Illuminate\Database\Console\Migrations\MigrateCommand), Object(Symfony\Component\Console\Input\ArgvInput), Object(Symfony\Component\Console\Output\ConsoleOutput))
#19 /Users/hannahteonea/Sites/tertiary-reviews-master/vendor/symfony/console/Symfony/Component/Console/Application.php(126): Symfony\Component\Console\Application->doRun(Object(Symfony\Component\Console\Input\ArgvInput), Object(Symfony\Component\Console\Output\ConsoleOutput))
#20 /Users/hannahteonea/Sites/tertiary-reviews-master/vendor/laravel/framework/src/Illuminate/Foundation/Console/Kernel.php(94): Symfony\Component\Console\Application->run(Object(Symfony\Component\Console\Input\ArgvInput), Object(Symfony\Component\Console\Output\ConsoleOutput))
#21 /Users/hannahteonea/Sites/tertiary-reviews-master/artisan(36): Illuminate\Foundation\Console\Kernel->handle(Object(Symfony\Component\Console\Input\ArgvInput), Object(Symfony\Component\Console\Output\ConsoleOutput))
#22 {main}  
[2015-04-01 00:24:21] local.ERROR: exception 'PDOException' with message 'SQLSTATE[42S02]: Base table or view not found: 1146 Table 'tertiary-reviews.courses' doesn't exist' in /Users/hannahteonea/Sites/tertiary-reviews-master/vendor/laravel/framework/src/Illuminate/Database/Connection.php:288
Stack trace:
#0 /Users/hannahteonea/Sites/tertiary-reviews-master/vendor/laravel/framework/src/Illuminate/Database/Connection.php(288): PDO->prepare('select * from `...')
#1 /Users/hannahteonea/Sites/tertiary-reviews-master/vendor/laravel/framework/src/Illuminate/Database/Connection.php(612): Illuminate\Database\Connection->Illuminate\Database\{closure}(Object(Illuminate\Database\MySqlConnection), 'select * from `...', Array)
#2 /Users/hannahteonea/Sites/tertiary-reviews-master/vendor/laravel/framework/src/Illuminate/Database/Connection.php(576): Illuminate\Database\Connection->runQueryCallback('select * from `...', Array, Object(Closure))
#3 /Users/hannahteonea/Sites/tertiary-reviews-master/vendor/laravel/framework/src/Illuminate/Database/Connection.php(293): Illuminate\Database\Connection->run('select * from `...', Array, Object(Closure))
#4 /Users/hannahteonea/Sites/tertiary-reviews-master/vendor/laravel/framework/src/Illuminate/Database/Query/Builder.php(1377): Illuminate\Database\Connection->select('select * from `...', Array, true)
#5 /Users/hannahteonea/Sites/tertiary-reviews-master/vendor/laravel/framework/src/Illuminate/Database/Query/Builder.php(1367): Illuminate\Database\Query\Builder->runSelect()
#6 /Users/hannahteonea/Sites/tertiary-reviews-master/vendor/laravel/framework/src/Illuminate/Database/Query/Builder.php(1354): Illuminate\Database\Query\Builder->getFresh(Array)
#7 /Users/hannahteonea/Sites/tertiary-reviews-master/vendor/laravel/framework/src/Illuminate/Database/Eloquent/Builder.php(380): Illuminate\Database\Query\Builder->get(Array)
#8 /Users/hannahteonea/Sites/tertiary-reviews-master/vendor/laravel/framework/src/Illuminate/Database/Eloquent/Builder.php(162): Illuminate\Database\Eloquent\Builder->getModels(Array)
#9 /Users/hannahteonea/Sites/tertiary-reviews-master/vendor/laravel/framework/src/Illuminate/Database/Eloquent/Model.php(663): Illuminate\Database\Eloquent\Builder->get(Array)
#10 /Users/hannahteonea/Sites/tertiary-reviews-master/app/Http/Controllers/CoursesController.php(13): Illuminate\Database\Eloquent\Model::all()
#11 [internal function]: App\Http\Controllers\CoursesController->index()
#12 /Users/hannahteonea/Sites/tertiary-reviews-master/vendor/laravel/framework/src/Illuminate/Routing/Controller.php(246): call_user_func_array(Array, Array)
#13 /Users/hannahteonea/Sites/tertiary-reviews-master/vendor/laravel/framework/src/Illuminate/Routing/ControllerDispatcher.php(162): Illuminate\Routing\Controller->callAction('index', Array)
#14 /Users/hannahteonea/Sites/tertiary-reviews-master/vendor/laravel/framework/src/Illuminate/Routing/ControllerDispatcher.php(107): Illuminate\Routing\ControllerDispatcher->call(Object(App\Http\Controllers\CoursesController), Object(Illuminate\Routing\Route), 'index')
#15 [internal function]: Illuminate\Routing\ControllerDispatcher->Illuminate\Routing\{closure}(Object(Illuminate\Http\Request))
#16 /Users/hannahteonea/Sites/tertiary-reviews-master/vendor/laravel/framework/src/Illuminate/Pipeline/Pipeline.php(141): call_user_func(Object(Closure), Object(Illuminate\Http\Request))
#17 [internal function]: Illuminate\Pipeline\Pipeline->Illuminate\Pipeline\{closure}(Object(Illuminate\Http\Request))
#18 /Users/hannahteonea/Sites/tertiary-reviews-master/vendor/laravel/framework/src/Illuminate/Pipeline/Pipeline.php(101): call_user_func(Object(Closure), Object(Illuminate\Http\Request))
#19 /Users/hannahteonea/Sites/tertiary-reviews-master/vendor/laravel/framework/src/Illuminate/Routing/ControllerDispatcher.php(108): Illuminate\Pipeline\Pipeline->then(Object(Closure))
#20 /Users/hannahteonea/Sites/tertiary-reviews-master/vendor/laravel/framework/src/Illuminate/Routing/ControllerDispatcher.php(67): Illuminate\Routing\ControllerDispatcher->callWithinStack(Object(App\Http\Controllers\CoursesController), Object(Illuminate\Routing\Route), Object(Illuminate\Http\Request), 'index')
#21 /Users/hannahteonea/Sites/tertiary-reviews-master/vendor/laravel/framework/src/Illuminate/Routing/Route.php(198): Illuminate\Routing\ControllerDispatcher->dispatch(Object(Illuminate\Routing\Route), Object(Illuminate\Http\Request), 'App\\Http\\Contro...', 'index')
#22 /Users/hannahteonea/Sites/tertiary-reviews-master/vendor/laravel/framework/src/Illuminate/Routing/Route.php(131): Illuminate\Routing\Route->runWithCustomDispatcher(Object(Illuminate\Http\Request))
#23 /Users/hannahteonea/Sites/tertiary-reviews-master/vendor/laravel/framework/src/Illuminate/Routing/Router.php(692): Illuminate\Routing\Route->run(Object(Illuminate\Http\Request))
#24 [internal function]: Illuminate\Routing\Router->Illuminate\Routing\{closure}(Object(Illuminate\Http\Request))
#25 /Users/hannahteonea/Sites/tertiary-reviews-master/vendor/laravel/framework/src/Illuminate/Pipeline/Pipeline.php(141): call_user_func(Object(Closure), Object(Illuminate\Http\Request))
#26 [internal function]: Illuminate\Pipeline\Pipeline->Illuminate\Pipeline\{closure}(Object(Illuminate\Http\Request))
#27 /Users/hannahteonea/Sites/tertiary-reviews-master/vendor/laravel/framework/src/Illuminate/Pipeline/Pipeline.php(101): call_user_func(Object(Closure), Object(Illuminate\Http\Request))
#28 /Users/hannahteonea/Sites/tertiary-reviews-master/vendor/laravel/framework/src/Illuminate/Routing/Router.php(694): Illuminate\Pipeline\Pipeline->then(Object(Closure))
#29 /Users/hannahteonea/Sites/tertiary-reviews-master/vendor/laravel/framework/src/Illuminate/Routing/Router.php(661): Illuminate\Routing\Router->runRouteWithinStack(Object(Illuminate\Routing\Route), Object(Illuminate\Http\Request))
#30 /Users/hannahteonea/Sites/tertiary-reviews-master/vendor/laravel/framework/src/Illuminate/Routing/Router.php(619): Illuminate\Routing\Router->dispatchToRoute(Object(Illuminate\Http\Request))
#31 /Users/hannahteonea/Sites/tertiary-reviews-master/vendor/laravel/framework/src/Illuminate/Foundation/Http/Kernel.php(214): Illuminate\Routing\Router->dispatch(Object(Illuminate\Http\Request))
#32 [internal function]: Illuminate\Foundation\Http\Kernel->Illuminate\Foundation\Http\{closure}(Object(Illuminate\Http\Request))
#33 /Users/hannahteonea/Sites/tertiary-reviews-master/vendor/laravel/framework/src/Illuminate/Pipeline/Pipeline.php(141): call_user_func(Object(Closure), Object(Illuminate\Http\Request))
#34 /Users/hannahteonea/Sites/tertiary-reviews-master/vendor/laravel/framework/src/Illuminate/Foundation/Http/Middleware/VerifyCsrfToken.php(43): Illuminate\Pipeline\Pipeline->Illuminate\Pipeline\{closure}(Object(Illuminate\Http\Request))
#35 /Users/hannahteonea/Sites/tertiary-reviews-master/app/Http/Middleware/VerifyCsrfToken.php(17): Illuminate\Foundation\Http\Middleware\VerifyCsrfToken->handle(Object(Illuminate\Http\Request), Object(Closure))
#36 /Users/hannahteonea/Sites/tertiary-reviews-master/vendor/laravel/framework/src/Illuminate/Pipeline/Pipeline.php(125): App\Http\Middleware\VerifyCsrfToken->handle(Object(Illuminate\Http\Request), Object(Closure))
#37 /Users/hannahteonea/Sites/tertiary-reviews-master/vendor/laravel/framework/src/Illuminate/View/Middleware/ShareErrorsFromSession.php(55): Illuminate\Pipeline\Pipeline->Illuminate\Pipeline\{closure}(Object(Illuminate\Http\Request))
#38 /Users/hannahteonea/Sites/tertiary-reviews-master/vendor/laravel/framework/src/Illuminate/Pipeline/Pipeline.php(125): Illuminate\View\Middleware\ShareErrorsFromSession->handle(Object(Illuminate\Http\Request), Object(Closure))
#39 /Users/hannahteonea/Sites/tertiary-reviews-master/vendor/laravel/framework/src/Illuminate/Session/Middleware/StartSession.php(61): Illuminate\Pipeline\Pipeline->Illuminate\Pipeline\{closure}(Object(Illuminate\Http\Request))
#40 /Users/hannahteonea/Sites/tertiary-reviews-master/vendor/laravel/framework/src/Illuminate/Pipeline/Pipeline.php(125): Illuminate\Session\Middleware\StartSession->handle(Object(Illuminate\Http\Request), Object(Closure))
#41 /Users/hannahteonea/Sites/tertiary-reviews-master/vendor/laravel/framework/src/Illuminate/Cookie/Middleware/AddQueuedCookiesToResponse.php(36): Illuminate\Pipeline\Pipeline->Illuminate\Pipeline\{closure}(Object(Illuminate\Http\Request))
#42 /Users/hannahteonea/Sites/tertiary-reviews-master/vendor/laravel/framework/src/Illuminate/Pipeline/Pipeline.php(125): Illuminate\Cookie\Middleware\AddQueuedCookiesToResponse->handle(Object(Illuminate\Http\Request), Object(Closure))
#43 /Users/hannahteonea/Sites/tertiary-reviews-master/vendor/laravel/framework/src/Illuminate/Cookie/Middleware/EncryptCookies.php(40): Illuminate\Pipeline\Pipeline->Illuminate\Pipeline\{closure}(Object(Illuminate\Http\Request))
#44 /Users/hannahteonea/Sites/tertiary-reviews-master/vendor/laravel/framework/src/Illuminate/Pipeline/Pipeline.php(125): Illuminate\Cookie\Middleware\EncryptCookies->handle(Object(Illuminate\Http\Request), Object(Closure))
#45 /Users/hannahteonea/Sites/tertiary-reviews-master/vendor/laravel/framework/src/Illuminate/Foundation/Http/Middleware/CheckForMaintenanceMode.php(42): Illuminate\Pipeline\Pipeline->Illuminate\Pipeline\{closure}(Object(Illuminate\Http\Request))
#46 /Users/hannahteonea/Sites/tertiary-reviews-master/vendor/laravel/framework/src/Illuminate/Pipeline/Pipeline.php(125): Illuminate\Foundation\Http\Middleware\CheckForMaintenanceMode->handle(Object(Illuminate\Http\Request), Object(Closure))
#47 [internal function]: Illuminate\Pipeline\Pipeline->Illuminate\Pipeline\{closure}(Object(Illuminate\Http\Request))
#48 /Users/hannahteonea/Sites/tertiary-reviews-master/vendor/laravel/framework/src/Illuminate/Pipeline/Pipeline.php(101): call_user_func(Object(Closure), Object(Illuminate\Http\Request))
#49 /Users/hannahteonea/Sites/tertiary-reviews-master/vendor/laravel/framework/src/Illuminate/Foundation/Http/Kernel.php(115): Illuminate\Pipeline\Pipeline->then(Object(Closure))
#50 /Users/hannahteonea/Sites/tertiary-reviews-master/vendor/laravel/framework/src/Illuminate/Foundation/Http/Kernel.php(84): Illuminate\Foundation\Http\Kernel->sendRequestThroughRouter(Object(Illuminate\Http\Request))
#51 /Users/hannahteonea/Sites/tertiary-reviews-master/public/index.php(53): Illuminate\Foundation\Http\Kernel->handle(Object(Illuminate\Http\Request))
#52 /Users/hannahteonea/Sites/tertiary-reviews-master/server.php(21): require_once('/Users/hannahte...')
#53 {main}

Next exception 'Illuminate\Database\QueryException' with message 'SQLSTATE[42S02]: Base table or view not found: 1146 Table 'tertiary-reviews.courses' doesn't exist (SQL: select * from `courses`)' in /Users/hannahteonea/Sites/tertiary-reviews-master/vendor/laravel/framework/src/Illuminate/Database/Connection.php:620
Stack trace:
#0 /Users/hannahteonea/Sites/tertiary-reviews-master/vendor/laravel/framework/src/Illuminate/Database/Connection.php(576): Illuminate\Database\Connection->runQueryCallback('select * from `...', Array, Object(Closure))
#1 /Users/hannahteonea/Sites/tertiary-reviews-master/vendor/laravel/framework/src/Illuminate/Database/Connection.php(293): Illuminate\Database\Connection->run('select * from `...', Array, Object(Closure))
#2 /Users/hannahteonea/Sites/tertiary-reviews-master/vendor/laravel/framework/src/Illuminate/Database/Query/Builder.php(1377): Illuminate\Database\Connection->select('select * from `...', Array, true)
#3 /Users/hannahteonea/Sites/tertiary-reviews-master/vendor/laravel/framework/src/Illuminate/Database/Query/Builder.php(1367): Illuminate\Database\Query\Builder->runSelect()
#4 /Users/hannahteonea/Sites/tertiary-reviews-master/vendor/laravel/framework/src/Illuminate/Database/Query/Builder.php(1354): Illuminate\Database\Query\Builder->getFresh(Array)
#5 /Users/hannahteonea/Sites/tertiary-reviews-master/vendor/laravel/framework/src/Illuminate/Database/Eloquent/Builder.php(380): Illuminate\Database\Query\Builder->get(Array)
#6 /Users/hannahteonea/Sites/tertiary-reviews-master/vendor/laravel/framework/src/Illuminate/Database/Eloquent/Builder.php(162): Illuminate\Database\Eloquent\Builder->getModels(Array)
#7 /Users/hannahteonea/Sites/tertiary-reviews-master/vendor/laravel/framework/src/Illuminate/Database/Eloquent/Model.php(663): Illuminate\Database\Eloquent\Builder->get(Array)
#8 /Users/hannahteonea/Sites/tertiary-reviews-master/app/Http/Controllers/CoursesController.php(13): Illuminate\Database\Eloquent\Model::all()
#9 [internal function]: App\Http\Controllers\CoursesController->index()
#10 /Users/hannahteonea/Sites/tertiary-reviews-master/vendor/laravel/framework/src/Illuminate/Routing/Controller.php(246): call_user_func_array(Array, Array)
#11 /Users/hannahteonea/Sites/tertiary-reviews-master/vendor/laravel/framework/src/Illuminate/Routing/ControllerDispatcher.php(162): Illuminate\Routing\Controller->callAction('index', Array)
#12 /Users/hannahteonea/Sites/tertiary-reviews-master/vendor/laravel/framework/src/Illuminate/Routing/ControllerDispatcher.php(107): Illuminate\Routing\ControllerDispatcher->call(Object(App\Http\Controllers\CoursesController), Object(Illuminate\Routing\Route), 'index')
#13 [internal function]: Illuminate\Routing\ControllerDispatcher->Illuminate\Routing\{closure}(Object(Illuminate\Http\Request))
#14 /Users/hannahteonea/Sites/tertiary-reviews-master/vendor/laravel/framework/src/Illuminate/Pipeline/Pipeline.php(141): call_user_func(Object(Closure), Object(Illuminate\Http\Request))
#15 [internal function]: Illuminate\Pipeline\Pipeline->Illuminate\Pipeline\{closure}(Object(Illuminate\Http\Request))
#16 /Users/hannahteonea/Sites/tertiary-reviews-master/vendor/laravel/framework/src/Illuminate/Pipeline/Pipeline.php(101): call_user_func(Object(Closure), Object(Illuminate\Http\Request))
#17 /Users/hannahteonea/Sites/tertiary-reviews-master/vendor/laravel/framework/src/Illuminate/Routing/ControllerDispatcher.php(108): Illuminate\Pipeline\Pipeline->then(Object(Closure))
#18 /Users/hannahteonea/Sites/tertiary-reviews-master/vendor/laravel/framework/src/Illuminate/Routing/ControllerDispatcher.php(67): Illuminate\Routing\ControllerDispatcher->callWithinStack(Object(App\Http\Controllers\CoursesController), Object(Illuminate\Routing\Route), Object(Illuminate\Http\Request), 'index')
#19 /Users/hannahteonea/Sites/tertiary-reviews-master/vendor/laravel/framework/src/Illuminate/Routing/Route.php(198): Illuminate\Routing\ControllerDispatcher->dispatch(Object(Illuminate\Routing\Route), Object(Illuminate\Http\Request), 'App\\Http\\Contro...', 'index')
#20 /Users/hannahteonea/Sites/tertiary-reviews-master/vendor/laravel/framework/src/Illuminate/Routing/Route.php(131): Illuminate\Routing\Route->runWithCustomDispatcher(Object(Illuminate\Http\Request))
#21 /Users/hannahteonea/Sites/tertiary-reviews-master/vendor/laravel/framework/src/Illuminate/Routing/Router.php(692): Illuminate\Routing\Route->run(Object(Illuminate\Http\Request))
#22 [internal function]: Illuminate\Routing\Router->Illuminate\Routing\{closure}(Object(Illuminate\Http\Request))
#23 /Users/hannahteonea/Sites/tertiary-reviews-master/vendor/laravel/framework/src/Illuminate/Pipeline/Pipeline.php(141): call_user_func(Object(Closure), Object(Illuminate\Http\Request))
#24 [internal function]: Illuminate\Pipeline\Pipeline->Illuminate\Pipeline\{closure}(Object(Illuminate\Http\Request))
#25 /Users/hannahteonea/Sites/tertiary-reviews-master/vendor/laravel/framework/src/Illuminate/Pipeline/Pipeline.php(101): call_user_func(Object(Closure), Object(Illuminate\Http\Request))
#26 /Users/hannahteonea/Sites/tertiary-reviews-master/vendor/laravel/framework/src/Illuminate/Routing/Router.php(694): Illuminate\Pipeline\Pipeline->then(Object(Closure))
#27 /Users/hannahteonea/Sites/tertiary-reviews-master/vendor/laravel/framework/src/Illuminate/Routing/Router.php(661): Illuminate\Routing\Router->runRouteWithinStack(Object(Illuminate\Routing\Route), Object(Illuminate\Http\Request))
#28 /Users/hannahteonea/Sites/tertiary-reviews-master/vendor/laravel/framework/src/Illuminate/Routing/Router.php(619): Illuminate\Routing\Router->dispatchToRoute(Object(Illuminate\Http\Request))
#29 /Users/hannahteonea/Sites/tertiary-reviews-master/vendor/laravel/framework/src/Illuminate/Foundation/Http/Kernel.php(214): Illuminate\Routing\Router->dispatch(Object(Illuminate\Http\Request))
#30 [internal function]: Illuminate\Foundation\Http\Kernel->Illuminate\Foundation\Http\{closure}(Object(Illuminate\Http\Request))
#31 /Users/hannahteonea/Sites/tertiary-reviews-master/vendor/laravel/framework/src/Illuminate/Pipeline/Pipeline.php(141): call_user_func(Object(Closure), Object(Illuminate\Http\Request))
#32 /Users/hannahteonea/Sites/tertiary-reviews-master/vendor/laravel/framework/src/Illuminate/Foundation/Http/Middleware/VerifyCsrfToken.php(43): Illuminate\Pipeline\Pipeline->Illuminate\Pipeline\{closure}(Object(Illuminate\Http\Request))
#33 /Users/hannahteonea/Sites/tertiary-reviews-master/app/Http/Middleware/VerifyCsrfToken.php(17): Illuminate\Foundation\Http\Middleware\VerifyCsrfToken->handle(Object(Illuminate\Http\Request), Object(Closure))
#34 /Users/hannahteonea/Sites/tertiary-reviews-master/vendor/laravel/framework/src/Illuminate/Pipeline/Pipeline.php(125): App\Http\Middleware\VerifyCsrfToken->handle(Object(Illuminate\Http\Request), Object(Closure))
#35 /Users/hannahteonea/Sites/tertiary-reviews-master/vendor/laravel/framework/src/Illuminate/View/Middleware/ShareErrorsFromSession.php(55): Illuminate\Pipeline\Pipeline->Illuminate\Pipeline\{closure}(Object(Illuminate\Http\Request))
#36 /Users/hannahteonea/Sites/tertiary-reviews-master/vendor/laravel/framework/src/Illuminate/Pipeline/Pipeline.php(125): Illuminate\View\Middleware\ShareErrorsFromSession->handle(Object(Illuminate\Http\Request), Object(Closure))
#37 /Users/hannahteonea/Sites/tertiary-reviews-master/vendor/laravel/framework/src/Illuminate/Session/Middleware/StartSession.php(61): Illuminate\Pipeline\Pipeline->Illuminate\Pipeline\{closure}(Object(Illuminate\Http\Request))
#38 /Users/hannahteonea/Sites/tertiary-reviews-master/vendor/laravel/framework/src/Illuminate/Pipeline/Pipeline.php(125): Illuminate\Session\Middleware\StartSession->handle(Object(Illuminate\Http\Request), Object(Closure))
#39 /Users/hannahteonea/Sites/tertiary-reviews-master/vendor/laravel/framework/src/Illuminate/Cookie/Middleware/AddQueuedCookiesToResponse.php(36): Illuminate\Pipeline\Pipeline->Illuminate\Pipeline\{closure}(Object(Illuminate\Http\Request))
#40 /Users/hannahteonea/Sites/tertiary-reviews-master/vendor/laravel/framework/src/Illuminate/Pipeline/Pipeline.php(125): Illuminate\Cookie\Middleware\AddQueuedCookiesToResponse->handle(Object(Illuminate\Http\Request), Object(Closure))
#41 /Users/hannahteonea/Sites/tertiary-reviews-master/vendor/laravel/framework/src/Illuminate/Cookie/Middleware/EncryptCookies.php(40): Illuminate\Pipeline\Pipeline->Illuminate\Pipeline\{closure}(Object(Illuminate\Http\Request))
#42 /Users/hannahteonea/Sites/tertiary-reviews-master/vendor/laravel/framework/src/Illuminate/Pipeline/Pipeline.php(125): Illuminate\Cookie\Middleware\EncryptCookies->handle(Object(Illuminate\Http\Request), Object(Closure))
#43 /Users/hannahteonea/Sites/tertiary-reviews-master/vendor/laravel/framework/src/Illuminate/Foundation/Http/Middleware/CheckForMaintenanceMode.php(42): Illuminate\Pipeline\Pipeline->Illuminate\Pipeline\{closure}(Object(Illuminate\Http\Request))
#44 /Users/hannahteonea/Sites/tertiary-reviews-master/vendor/laravel/framework/src/Illuminate/Pipeline/Pipeline.php(125): Illuminate\Foundation\Http\Middleware\CheckForMaintenanceMode->handle(Object(Illuminate\Http\Request), Object(Closure))
#45 [internal function]: Illuminate\Pipeline\Pipeline->Illuminate\Pipeline\{closure}(Object(Illuminate\Http\Request))
#46 /Users/hannahteonea/Sites/tertiary-reviews-master/vendor/laravel/framework/src/Illuminate/Pipeline/Pipeline.php(101): call_user_func(Object(Closure), Object(Illuminate\Http\Request))
#47 /Users/hannahteonea/Sites/tertiary-reviews-master/vendor/laravel/framework/src/Illuminate/Foundation/Http/Kernel.php(115): Illuminate\Pipeline\Pipeline->then(Object(Closure))
#48 /Users/hannahteonea/Sites/tertiary-reviews-master/vendor/laravel/framework/src/Illuminate/Foundation/Http/Kernel.php(84): Illuminate\Foundation\Http\Kernel->sendRequestThroughRouter(Object(Illuminate\Http\Request))
#49 /Users/hannahteonea/Sites/tertiary-reviews-master/public/index.php(53): Illuminate\Foundation\Http\Kernel->handle(Object(Illuminate\Http\Request))
#50 /Users/hannahteonea/Sites/tertiary-reviews-master/server.php(21): require_once('/Users/hannahte...')
#51 {main}  
[2015-04-01 00:29:48] local.ERROR: exception 'PDOException' with message 'SQLSTATE[42S22]: Column not found: 1054 Unknown column 'reviews.id' in 'where clause'' in /Users/hannahteonea/Sites/tertiary-reviews-master/vendor/laravel/framework/src/Illuminate/Database/Connection.php:288
Stack trace:
#0 /Users/hannahteonea/Sites/tertiary-reviews-master/vendor/laravel/framework/src/Illuminate/Database/Connection.php(288): PDO->prepare('select * from `...')
#1 /Users/hannahteonea/Sites/tertiary-reviews-master/vendor/laravel/framework/src/Illuminate/Database/Connection.php(612): Illuminate\Database\Connection->Illuminate\Database\{closure}(Object(Illuminate\Database\MySqlConnection), 'select * from `...', Array)
#2 /Users/hannahteonea/Sites/tertiary-reviews-master/vendor/laravel/framework/src/Illuminate/Database/Connection.php(576): Illuminate\Database\Connection->runQueryCallback('select * from `...', Array, Object(Closure))
#3 /Users/hannahteonea/Sites/tertiary-reviews-master/vendor/laravel/framework/src/Illuminate/Database/Connection.php(293): Illuminate\Database\Connection->run('select * from `...', Array, Object(Closure))
#4 /Users/hannahteonea/Sites/tertiary-reviews-master/vendor/laravel/framework/src/Illuminate/Database/Query/Builder.php(1377): Illuminate\Database\Connection->select('select * from `...', Array, true)
#5 /Users/hannahteonea/Sites/tertiary-reviews-master/vendor/laravel/framework/src/Illuminate/Database/Query/Builder.php(1367): Illuminate\Database\Query\Builder->runSelect()
#6 /Users/hannahteonea/Sites/tertiary-reviews-master/vendor/laravel/framework/src/Illuminate/Database/Query/Builder.php(1354): Illuminate\Database\Query\Builder->getFresh(Array)
#7 /Users/hannahteonea/Sites/tertiary-reviews-master/vendor/laravel/framework/src/Illuminate/Database/Eloquent/Builder.php(380): Illuminate\Database\Query\Builder->get(Array)
#8 /Users/hannahteonea/Sites/tertiary-reviews-master/vendor/laravel/framework/src/Illuminate/Database/Eloquent/Builder.php(162): Illuminate\Database\Eloquent\Builder->getModels(Array)
#9 /Users/hannahteonea/Sites/tertiary-reviews-master/vendor/laravel/framework/src/Illuminate/Database/Eloquent/Builder.php(136): Illuminate\Database\Eloquent\Builder->get(Array)
#10 /Users/hannahteonea/Sites/tertiary-reviews-master/vendor/laravel/framework/src/Illuminate/Database/Eloquent/Builder.php(84): Illuminate\Database\Eloquent\Builder->first(Array)
#11 /Users/hannahteonea/Sites/tertiary-reviews-master/vendor/laravel/framework/src/Illuminate/Database/Eloquent/Builder.php(114): Illuminate\Database\Eloquent\Builder->find('writeReviews', Array)
#12 [internal function]: Illuminate\Database\Eloquent\Builder->findOrFail('writeReviews')
#13 /Users/hannahteonea/Sites/tertiary-reviews-master/vendor/laravel/framework/src/Illuminate/Database/Eloquent/Model.php(3336): call_user_func_array(Array, Array)
#14 [internal function]: Illuminate\Database\Eloquent\Model->__call('findOrFail', Array)
#15 [internal function]: App\Review->findOrFail('writeReviews')
#16 /Users/hannahteonea/Sites/tertiary-reviews-master/vendor/laravel/framework/src/Illuminate/Database/Eloquent/Model.php(3350): call_user_func_array(Array, Array)
#17 /Users/hannahteonea/Sites/tertiary-reviews-master/app/Http/Controllers/ReviewsController.php(24): Illuminate\Database\Eloquent\Model::__callStatic('findOrFail', Array)
#18 /Users/hannahteonea/Sites/tertiary-reviews-master/app/Http/Controllers/ReviewsController.php(24): App\Review::findOrFail('writeReviews')
#19 [internal function]: App\Http\Controllers\ReviewsController->show('writeReviews')
#20 /Users/hannahteonea/Sites/tertiary-reviews-master/vendor/laravel/framework/src/Illuminate/Routing/Controller.php(246): call_user_func_array(Array, Array)
#21 /Users/hannahteonea/Sites/tertiary-reviews-master/vendor/laravel/framework/src/Illuminate/Routing/ControllerDispatcher.php(162): Illuminate\Routing\Controller->callAction('show', Array)
#22 /Users/hannahteonea/Sites/tertiary-reviews-master/vendor/laravel/framework/src/Illuminate/Routing/ControllerDispatcher.php(107): Illuminate\Routing\ControllerDispatcher->call(Object(App\Http\Controllers\ReviewsController), Object(Illuminate\Routing\Route), 'show')
#23 [internal function]: Illuminate\Routing\ControllerDispatcher->Illuminate\Routing\{closure}(Object(Illuminate\Http\Request))
#24 /Users/hannahteonea/Sites/tertiary-reviews-master/vendor/laravel/framework/src/Illuminate/Pipeline/Pipeline.php(141): call_user_func(Object(Closure), Object(Illuminate\Http\Request))
#25 [internal function]: Illuminate\Pipeline\Pipeline->Illuminate\Pipeline\{closure}(Object(Illuminate\Http\Request))
#26 /Users/hannahteonea/Sites/tertiary-reviews-master/vendor/laravel/framework/src/Illuminate/Pipeline/Pipeline.php(101): call_user_func(Object(Closure), Object(Illuminate\Http\Request))
#27 /Users/hannahteonea/Sites/tertiary-reviews-master/vendor/laravel/framework/src/Illuminate/Routing/ControllerDispatcher.php(108): Illuminate\Pipeline\Pipeline->then(Object(Closure))
#28 /Users/hannahteonea/Sites/tertiary-reviews-master/vendor/laravel/framework/src/Illuminate/Routing/ControllerDispatcher.php(67): Illuminate\Routing\ControllerDispatcher->callWithinStack(Object(App\Http\Controllers\ReviewsController), Object(Illuminate\Routing\Route), Object(Illuminate\Http\Request), 'show')
#29 /Users/hannahteonea/Sites/tertiary-reviews-master/vendor/laravel/framework/src/Illuminate/Routing/Route.php(198): Illuminate\Routing\ControllerDispatcher->dispatch(Object(Illuminate\Routing\Route), Object(Illuminate\Http\Request), 'App\\Http\\Contro...', 'show')
#30 /Users/hannahteonea/Sites/tertiary-reviews-master/vendor/laravel/framework/src/Illuminate/Routing/Route.php(131): Illuminate\Routing\Route->runWithCustomDispatcher(Object(Illuminate\Http\Request))
#31 /Users/hannahteonea/Sites/tertiary-reviews-master/vendor/laravel/framework/src/Illuminate/Routing/Router.php(692): Illuminate\Routing\Route->run(Object(Illuminate\Http\Request))
#32 [internal function]: Illuminate\Routing\Router->Illuminate\Routing\{closure}(Object(Illuminate\Http\Request))
#33 /Users/hannahteonea/Sites/tertiary-reviews-master/vendor/laravel/framework/src/Illuminate/Pipeline/Pipeline.php(141): call_user_func(Object(Closure), Object(Illuminate\Http\Request))
#34 [internal function]: Illuminate\Pipeline\Pipeline->Illuminate\Pipeline\{closure}(Object(Illuminate\Http\Request))
#35 /Users/hannahteonea/Sites/tertiary-reviews-master/vendor/laravel/framework/src/Illuminate/Pipeline/Pipeline.php(101): call_user_func(Object(Closure), Object(Illuminate\Http\Request))
#36 /Users/hannahteonea/Sites/tertiary-reviews-master/vendor/laravel/framework/src/Illuminate/Routing/Router.php(694): Illuminate\Pipeline\Pipeline->then(Object(Closure))
#37 /Users/hannahteonea/Sites/tertiary-reviews-master/vendor/laravel/framework/src/Illuminate/Routing/Router.php(661): Illuminate\Routing\Router->runRouteWithinStack(Object(Illuminate\Routing\Route), Object(Illuminate\Http\Request))
#38 /Users/hannahteonea/Sites/tertiary-reviews-master/vendor/laravel/framework/src/Illuminate/Routing/Router.php(619): Illuminate\Routing\Router->dispatchToRoute(Object(Illuminate\Http\Request))
#39 /Users/hannahteonea/Sites/tertiary-reviews-master/vendor/laravel/framework/src/Illuminate/Foundation/Http/Kernel.php(214): Illuminate\Routing\Router->dispatch(Object(Illuminate\Http\Request))
#40 [internal function]: Illuminate\Foundation\Http\Kernel->Illuminate\Foundation\Http\{closure}(Object(Illuminate\Http\Request))
#41 /Users/hannahteonea/Sites/tertiary-reviews-master/vendor/laravel/framework/src/Illuminate/Pipeline/Pipeline.php(141): call_user_func(Object(Closure), Object(Illuminate\Http\Request))
#42 /Users/hannahteonea/Sites/tertiary-reviews-master/vendor/laravel/framework/src/Illuminate/Foundation/Http/Middleware/VerifyCsrfToken.php(43): Illuminate\Pipeline\Pipeline->Illuminate\Pipeline\{closure}(Object(Illuminate\Http\Request))
#43 /Users/hannahteonea/Sites/tertiary-reviews-master/app/Http/Middleware/VerifyCsrfToken.php(17): Illuminate\Foundation\Http\Middleware\VerifyCsrfToken->handle(Object(Illuminate\Http\Request), Object(Closure))
#44 /Users/hannahteonea/Sites/tertiary-reviews-master/vendor/laravel/framework/src/Illuminate/Pipeline/Pipeline.php(125): App\Http\Middleware\VerifyCsrfToken->handle(Object(Illuminate\Http\Request), Object(Closure))
#45 /Users/hannahteonea/Sites/tertiary-reviews-master/vendor/laravel/framework/src/Illuminate/View/Middleware/ShareErrorsFromSession.php(55): Illuminate\Pipeline\Pipeline->Illuminate\Pipeline\{closure}(Object(Illuminate\Http\Request))
#46 /Users/hannahteonea/Sites/tertiary-reviews-master/vendor/laravel/framework/src/Illuminate/Pipeline/Pipeline.php(125): Illuminate\View\Middleware\ShareErrorsFromSession->handle(Object(Illuminate\Http\Request), Object(Closure))
#47 /Users/hannahteonea/Sites/tertiary-reviews-master/vendor/laravel/framework/src/Illuminate/Session/Middleware/StartSession.php(61): Illuminate\Pipeline\Pipeline->Illuminate\Pipeline\{closure}(Object(Illuminate\Http\Request))
#48 /Users/hannahteonea/Sites/tertiary-reviews-master/vendor/laravel/framework/src/Illuminate/Pipeline/Pipeline.php(125): Illuminate\Session\Middleware\StartSession->handle(Object(Illuminate\Http\Request), Object(Closure))
#49 /Users/hannahteonea/Sites/tertiary-reviews-master/vendor/laravel/framework/src/Illuminate/Cookie/Middleware/AddQueuedCookiesToResponse.php(36): Illuminate\Pipeline\Pipeline->Illuminate\Pipeline\{closure}(Object(Illuminate\Http\Request))
#50 /Users/hannahteonea/Sites/tertiary-reviews-master/vendor/laravel/framework/src/Illuminate/Pipeline/Pipeline.php(125): Illuminate\Cookie\Middleware\AddQueuedCookiesToResponse->handle(Object(Illuminate\Http\Request), Object(Closure))
#51 /Users/hannahteonea/Sites/tertiary-reviews-master/vendor/laravel/framework/src/Illuminate/Cookie/Middleware/EncryptCookies.php(40): Illuminate\Pipeline\Pipeline->Illuminate\Pipeline\{closure}(Object(Illuminate\Http\Request))
#52 /Users/hannahteonea/Sites/tertiary-reviews-master/vendor/laravel/framework/src/Illuminate/Pipeline/Pipeline.php(125): Illuminate\Cookie\Middleware\EncryptCookies->handle(Object(Illuminate\Http\Request), Object(Closure))
#53 /Users/hannahteonea/Sites/tertiary-reviews-master/vendor/laravel/framework/src/Illuminate/Foundation/Http/Middleware/CheckForMaintenanceMode.php(42): Illuminate\Pipeline\Pipeline->Illuminate\Pipeline\{closure}(Object(Illuminate\Http\Request))
#54 /Users/hannahteonea/Sites/tertiary-reviews-master/vendor/laravel/framework/src/Illuminate/Pipeline/Pipeline.php(125): Illuminate\Foundation\Http\Middleware\CheckForMaintenanceMode->handle(Object(Illuminate\Http\Request), Object(Closure))
#55 [internal function]: Illuminate\Pipeline\Pipeline->Illuminate\Pipeline\{closure}(Object(Illuminate\Http\Request))
#56 /Users/hannahteonea/Sites/tertiary-reviews-master/vendor/laravel/framework/src/Illuminate/Pipeline/Pipeline.php(101): call_user_func(Object(Closure), Object(Illuminate\Http\Request))
#57 /Users/hannahteonea/Sites/tertiary-reviews-master/vendor/laravel/framework/src/Illuminate/Foundation/Http/Kernel.php(115): Illuminate\Pipeline\Pipeline->then(Object(Closure))
#58 /Users/hannahteonea/Sites/tertiary-reviews-master/vendor/laravel/framework/src/Illuminate/Foundation/Http/Kernel.php(84): Illuminate\Foundation\Http\Kernel->sendRequestThroughRouter(Object(Illuminate\Http\Request))
#59 /Users/hannahteonea/Sites/tertiary-reviews-master/public/index.php(53): Illuminate\Foundation\Http\Kernel->handle(Object(Illuminate\Http\Request))
#60 /Users/hannahteonea/Sites/tertiary-reviews-master/server.php(21): require_once('/Users/hannahte...')
#61 {main}

Next exception 'Illuminate\Database\QueryException' with message 'SQLSTATE[42S22]: Column not found: 1054 Unknown column 'reviews.id' in 'where clause' (SQL: select * from `reviews` where `reviews`.`id` = writeReviews limit 1)' in /Users/hannahteonea/Sites/tertiary-reviews-master/vendor/laravel/framework/src/Illuminate/Database/Connection.php:620
Stack trace:
#0 /Users/hannahteonea/Sites/tertiary-reviews-master/vendor/laravel/framework/src/Illuminate/Database/Connection.php(576): Illuminate\Database\Connection->runQueryCallback('select * from `...', Array, Object(Closure))
#1 /Users/hannahteonea/Sites/tertiary-reviews-master/vendor/laravel/framework/src/Illuminate/Database/Connection.php(293): Illuminate\Database\Connection->run('select * from `...', Array, Object(Closure))
#2 /Users/hannahteonea/Sites/tertiary-reviews-master/vendor/laravel/framework/src/Illuminate/Database/Query/Builder.php(1377): Illuminate\Database\Connection->select('select * from `...', Array, true)
#3 /Users/hannahteonea/Sites/tertiary-reviews-master/vendor/laravel/framework/src/Illuminate/Database/Query/Builder.php(1367): Illuminate\Database\Query\Builder->runSelect()
#4 /Users/hannahteonea/Sites/tertiary-reviews-master/vendor/laravel/framework/src/Illuminate/Database/Query/Builder.php(1354): Illuminate\Database\Query\Builder->getFresh(Array)
#5 /Users/hannahteonea/Sites/tertiary-reviews-master/vendor/laravel/framework/src/Illuminate/Database/Eloquent/Builder.php(380): Illuminate\Database\Query\Builder->get(Array)
#6 /Users/hannahteonea/Sites/tertiary-reviews-master/vendor/laravel/framework/src/Illuminate/Database/Eloquent/Builder.php(162): Illuminate\Database\Eloquent\Builder->getModels(Array)
#7 /Users/hannahteonea/Sites/tertiary-reviews-master/vendor/laravel/framework/src/Illuminate/Database/Eloquent/Builder.php(136): Illuminate\Database\Eloquent\Builder->get(Array)
#8 /Users/hannahteonea/Sites/tertiary-reviews-master/vendor/laravel/framework/src/Illuminate/Database/Eloquent/Builder.php(84): Illuminate\Database\Eloquent\Builder->first(Array)
#9 /Users/hannahteonea/Sites/tertiary-reviews-master/vendor/laravel/framework/src/Illuminate/Database/Eloquent/Builder.php(114): Illuminate\Database\Eloquent\Builder->find('writeReviews', Array)
#10 [internal function]: Illuminate\Database\Eloquent\Builder->findOrFail('writeReviews')
#11 /Users/hannahteonea/Sites/tertiary-reviews-master/vendor/laravel/framework/src/Illuminate/Database/Eloquent/Model.php(3336): call_user_func_array(Array, Array)
#12 [internal function]: Illuminate\Database\Eloquent\Model->__call('findOrFail', Array)
#13 [internal function]: App\Review->findOrFail('writeReviews')
#14 /Users/hannahteonea/Sites/tertiary-reviews-master/vendor/laravel/framework/src/Illuminate/Database/Eloquent/Model.php(3350): call_user_func_array(Array, Array)
#15 /Users/hannahteonea/Sites/tertiary-reviews-master/app/Http/Controllers/ReviewsController.php(24): Illuminate\Database\Eloquent\Model::__callStatic('findOrFail', Array)
#16 /Users/hannahteonea/Sites/tertiary-reviews-master/app/Http/Controllers/ReviewsController.php(24): App\Review::findOrFail('writeReviews')
#17 [internal function]: App\Http\Controllers\ReviewsController->show('writeReviews')
#18 /Users/hannahteonea/Sites/tertiary-reviews-master/vendor/laravel/framework/src/Illuminate/Routing/Controller.php(246): call_user_func_array(Array, Array)
#19 /Users/hannahteonea/Sites/tertiary-reviews-master/vendor/laravel/framework/src/Illuminate/Routing/ControllerDispatcher.php(162): Illuminate\Routing\Controller->callAction('show', Array)
#20 /Users/hannahteonea/Sites/tertiary-reviews-master/vendor/laravel/framework/src/Illuminate/Routing/ControllerDispatcher.php(107): Illuminate\Routing\ControllerDispatcher->call(Object(App\Http\Controllers\ReviewsController), Object(Illuminate\Routing\Route), 'show')
#21 [internal function]: Illuminate\Routing\ControllerDispatcher->Illuminate\Routing\{closure}(Object(Illuminate\Http\Request))
#22 /Users/hannahteonea/Sites/tertiary-reviews-master/vendor/laravel/framework/src/Illuminate/Pipeline/Pipeline.php(141): call_user_func(Object(Closure), Object(Illuminate\Http\Request))
#23 [internal function]: Illuminate\Pipeline\Pipeline->Illuminate\Pipeline\{closure}(Object(Illuminate\Http\Request))
#24 /Users/hannahteonea/Sites/tertiary-reviews-master/vendor/laravel/framework/src/Illuminate/Pipeline/Pipeline.php(101): call_user_func(Object(Closure), Object(Illuminate\Http\Request))
#25 /Users/hannahteonea/Sites/tertiary-reviews-master/vendor/laravel/framework/src/Illuminate/Routing/ControllerDispatcher.php(108): Illuminate\Pipeline\Pipeline->then(Object(Closure))
#26 /Users/hannahteonea/Sites/tertiary-reviews-master/vendor/laravel/framework/src/Illuminate/Routing/ControllerDispatcher.php(67): Illuminate\Routing\ControllerDispatcher->callWithinStack(Object(App\Http\Controllers\ReviewsController), Object(Illuminate\Routing\Route), Object(Illuminate\Http\Request), 'show')
#27 /Users/hannahteonea/Sites/tertiary-reviews-master/vendor/laravel/framework/src/Illuminate/Routing/Route.php(198): Illuminate\Routing\ControllerDispatcher->dispatch(Object(Illuminate\Routing\Route), Object(Illuminate\Http\Request), 'App\\Http\\Contro...', 'show')
#28 /Users/hannahteonea/Sites/tertiary-reviews-master/vendor/laravel/framework/src/Illuminate/Routing/Route.php(131): Illuminate\Routing\Route->runWithCustomDispatcher(Object(Illuminate\Http\Request))
#29 /Users/hannahteonea/Sites/tertiary-reviews-master/vendor/laravel/framework/src/Illuminate/Routing/Router.php(692): Illuminate\Routing\Route->run(Object(Illuminate\Http\Request))
#30 [internal function]: Illuminate\Routing\Router->Illuminate\Routing\{closure}(Object(Illuminate\Http\Request))
#31 /Users/hannahteonea/Sites/tertiary-reviews-master/vendor/laravel/framework/src/Illuminate/Pipeline/Pipeline.php(141): call_user_func(Object(Closure), Object(Illuminate\Http\Request))
#32 [internal function]: Illuminate\Pipeline\Pipeline->Illuminate\Pipeline\{closure}(Object(Illuminate\Http\Request))
#33 /Users/hannahteonea/Sites/tertiary-reviews-master/vendor/laravel/framework/src/Illuminate/Pipeline/Pipeline.php(101): call_user_func(Object(Closure), Object(Illuminate\Http\Request))
#34 /Users/hannahteonea/Sites/tertiary-reviews-master/vendor/laravel/framework/src/Illuminate/Routing/Router.php(694): Illuminate\Pipeline\Pipeline->then(Object(Closure))
#35 /Users/hannahteonea/Sites/tertiary-reviews-master/vendor/laravel/framework/src/Illuminate/Routing/Router.php(661): Illuminate\Routing\Router->runRouteWithinStack(Object(Illuminate\Routing\Route), Object(Illuminate\Http\Request))
#36 /Users/hannahteonea/Sites/tertiary-reviews-master/vendor/laravel/framework/src/Illuminate/Routing/Router.php(619): Illuminate\Routing\Router->dispatchToRoute(Object(Illuminate\Http\Request))
#37 /Users/hannahteonea/Sites/tertiary-reviews-master/vendor/laravel/framework/src/Illuminate/Foundation/Http/Kernel.php(214): Illuminate\Routing\Router->dispatch(Object(Illuminate\Http\Request))
#38 [internal function]: Illuminate\Foundation\Http\Kernel->Illuminate\Foundation\Http\{closure}(Object(Illuminate\Http\Request))
#39 /Users/hannahteonea/Sites/tertiary-reviews-master/vendor/laravel/framework/src/Illuminate/Pipeline/Pipeline.php(141): call_user_func(Object(Closure), Object(Illuminate\Http\Request))
#40 /Users/hannahteonea/Sites/tertiary-reviews-master/vendor/laravel/framework/src/Illuminate/Foundation/Http/Middleware/VerifyCsrfToken.php(43): Illuminate\Pipeline\Pipeline->Illuminate\Pipeline\{closure}(Object(Illuminate\Http\Request))
#41 /Users/hannahteonea/Sites/tertiary-reviews-master/app/Http/Middleware/VerifyCsrfToken.php(17): Illuminate\Foundation\Http\Middleware\VerifyCsrfToken->handle(Object(Illuminate\Http\Request), Object(Closure))
#42 /Users/hannahteonea/Sites/tertiary-reviews-master/vendor/laravel/framework/src/Illuminate/Pipeline/Pipeline.php(125): App\Http\Middleware\VerifyCsrfToken->handle(Object(Illuminate\Http\Request), Object(Closure))
#43 /Users/hannahteonea/Sites/tertiary-reviews-master/vendor/laravel/framework/src/Illuminate/View/Middleware/ShareErrorsFromSession.php(55): Illuminate\Pipeline\Pipeline->Illuminate\Pipeline\{closure}(Object(Illuminate\Http\Request))
#44 /Users/hannahteonea/Sites/tertiary-reviews-master/vendor/laravel/framework/src/Illuminate/Pipeline/Pipeline.php(125): Illuminate\View\Middleware\ShareErrorsFromSession->handle(Object(Illuminate\Http\Request), Object(Closure))
#45 /Users/hannahteonea/Sites/tertiary-reviews-master/vendor/laravel/framework/src/Illuminate/Session/Middleware/StartSession.php(61): Illuminate\Pipeline\Pipeline->Illuminate\Pipeline\{closure}(Object(Illuminate\Http\Request))
#46 /Users/hannahteonea/Sites/tertiary-reviews-master/vendor/laravel/framework/src/Illuminate/Pipeline/Pipeline.php(125): Illuminate\Session\Middleware\StartSession->handle(Object(Illuminate\Http\Request), Object(Closure))
#47 /Users/hannahteonea/Sites/tertiary-reviews-master/vendor/laravel/framework/src/Illuminate/Cookie/Middleware/AddQueuedCookiesToResponse.php(36): Illuminate\Pipeline\Pipeline->Illuminate\Pipeline\{closure}(Object(Illuminate\Http\Request))
#48 /Users/hannahteonea/Sites/tertiary-reviews-master/vendor/laravel/framework/src/Illuminate/Pipeline/Pipeline.php(125): Illuminate\Cookie\Middleware\AddQueuedCookiesToResponse->handle(Object(Illuminate\Http\Request), Object(Closure))
#49 /Users/hannahteonea/Sites/tertiary-reviews-master/vendor/laravel/framework/src/Illuminate/Cookie/Middleware/EncryptCookies.php(40): Illuminate\Pipeline\Pipeline->Illuminate\Pipeline\{closure}(Object(Illuminate\Http\Request))
#50 /Users/hannahteonea/Sites/tertiary-reviews-master/vendor/laravel/framework/src/Illuminate/Pipeline/Pipeline.php(125): Illuminate\Cookie\Middleware\EncryptCookies->handle(Object(Illuminate\Http\Request), Object(Closure))
#51 /Users/hannahteonea/Sites/tertiary-reviews-master/vendor/laravel/framework/src/Illuminate/Foundation/Http/Middleware/CheckForMaintenanceMode.php(42): Illuminate\Pipeline\Pipeline->Illuminate\Pipeline\{closure}(Object(Illuminate\Http\Request))
#52 /Users/hannahteonea/Sites/tertiary-reviews-master/vendor/laravel/framework/src/Illuminate/Pipeline/Pipeline.php(125): Illuminate\Foundation\Http\Middleware\CheckForMaintenanceMode->handle(Object(Illuminate\Http\Request), Object(Closure))
#53 [internal function]: Illuminate\Pipeline\Pipeline->Illuminate\Pipeline\{closure}(Object(Illuminate\Http\Request))
#54 /Users/hannahteonea/Sites/tertiary-reviews-master/vendor/laravel/framework/src/Illuminate/Pipeline/Pipeline.php(101): call_user_func(Object(Closure), Object(Illuminate\Http\Request))
#55 /Users/hannahteonea/Sites/tertiary-reviews-master/vendor/laravel/framework/src/Illuminate/Foundation/Http/Kernel.php(115): Illuminate\Pipeline\Pipeline->then(Object(Closure))
#56 /Users/hannahteonea/Sites/tertiary-reviews-master/vendor/laravel/framework/src/Illuminate/Foundation/Http/Kernel.php(84): Illuminate\Foundation\Http\Kernel->sendRequestThroughRouter(Object(Illuminate\Http\Request))
#57 /Users/hannahteonea/Sites/tertiary-reviews-master/public/index.php(53): Illuminate\Foundation\Http\Kernel->handle(Object(Illuminate\Http\Request))
#58 /Users/hannahteonea/Sites/tertiary-reviews-master/server.php(21): require_once('/Users/hannahte...')
#59 {main}  
