[2015-03-29 00:42:34] local.ERROR: exception 'PDOException' with message 'SQLSTATE[HY000] [2002] No such file or directory' in /Users/hannahteonea/Sites/tertiary-reviews-master/vendor/laravel/framework/src/Illuminate/Database/Connectors/Connector.php:47
Stack trace:
#0 /Users/hannahteonea/Sites/tertiary-reviews-master/vendor/laravel/framework/src/Illuminate/Database/Connectors/Connector.php(47): PDO->__construct('mysql:host=loca...', 'root', '', Array)
#1 /Users/hannahteonea/Sites/tertiary-reviews-master/vendor/laravel/framework/src/Illuminate/Database/Connectors/MySqlConnector.php(20): Illuminate\Database\Connectors\Connector->createConnection('mysql:host=loca...', Array, Array)
#2 /Users/hannahteonea/Sites/tertiary-reviews-master/vendor/laravel/framework/src/Illuminate/Database/Connectors/ConnectionFactory.php(58): Illuminate\Database\Connectors\MySqlConnector->connect(Array)
#3 /Users/hannahteonea/Sites/tertiary-reviews-master/vendor/laravel/framework/src/Illuminate/Database/Connectors/ConnectionFactory.php(47): Illuminate\Database\Connectors\ConnectionFactory->createSingleConnection(Array)
#4 /Users/hannahteonea/Sites/tertiary-reviews-master/vendor/laravel/framework/src/Illuminate/Database/DatabaseManager.php(177): Illuminate\Database\Connectors\ConnectionFactory->make(Array, 'mysql')
#5 /Users/hannahteonea/Sites/tertiary-reviews-master/vendor/laravel/framework/src/Illuminate/Database/DatabaseManager.php(65): Illuminate\Database\DatabaseManager->makeConnection('mysql')
#6 /Users/hannahteonea/Sites/tertiary-reviews-master/vendor/laravel/framework/src/Illuminate/Database/Migrations/DatabaseMigrationRepository.php(167): Illuminate\Database\DatabaseManager->connection(NULL)
#7 /Users/hannahteonea/Sites/tertiary-reviews-master/vendor/laravel/framework/src/Illuminate/Database/Migrations/DatabaseMigrationRepository.php(135): Illuminate\Database\Migrations\DatabaseMigrationRepository->getConnection()
#8 /Users/hannahteonea/Sites/tertiary-reviews-master/vendor/laravel/framework/src/Illuminate/Database/Migrations/Migrator.php(371): Illuminate\Database\Migrations\DatabaseMigrationRepository->repositoryExists()
#9 /Users/hannahteonea/Sites/tertiary-reviews-master/vendor/laravel/framework/src/Illuminate/Database/Console/Migrations/MigrateCommand.php(101): Illuminate\Database\Migrations\Migrator->repositoryExists()
#10 /Users/hannahteonea/Sites/tertiary-reviews-master/vendor/laravel/framework/src/Illuminate/Database/Console/Migrations/MigrateCommand.php(54): Illuminate\Database\Console\Migrations\MigrateCommand->prepareDatabase()
#11 [internal function]: Illuminate\Database\Console\Migrations\MigrateCommand->fire()
#12 /Users/hannahteonea/Sites/tertiary-reviews-master/vendor/laravel/framework/src/Illuminate/Container/Container.php(523): call_user_func_array(Array, Array)
#13 /Users/hannahteonea/Sites/tertiary-reviews-master/vendor/laravel/framework/src/Illuminate/Console/Command.php(115): Illuminate\Container\Container->call(Array)
#14 /Users/hannahteonea/Sites/tertiary-reviews-master/vendor/symfony/console/Symfony/Component/Console/Command/Command.php(257): Illuminate\Console\Command->execute(Object(Symfony\Component\Console\Input\ArgvInput), Object(Symfony\Component\Console\Output\ConsoleOutput))
#15 /Users/hannahteonea/Sites/tertiary-reviews-master/vendor/laravel/framework/src/Illuminate/Console/Command.php(101): Symfony\Component\Console\Command\Command->run(Object(Symfony\Component\Console\Input\ArgvInput), Object(Symfony\Component\Console\Output\ConsoleOutput))
#16 /Users/hannahteonea/Sites/tertiary-reviews-master/vendor/symfony/console/Symfony/Component/Console/Application.php(874): Illuminate\Console\Command->run(Object(Symfony\Component\Console\Input\ArgvInput), Object(Symfony\Component\Console\Output\ConsoleOutput))
#17 /Users/hannahteonea/Sites/tertiary-reviews-master/vendor/symfony/console/Symfony/Component/Console/Application.php(195): Symfony\Component\Console\Application->doRunCommand(Object(Illuminate\Database\Console\Migrations\MigrateCommand), Object(Symfony\Component\Console\Input\ArgvInput), Object(Symfony\Component\Console\Output\ConsoleOutput))
#18 /Users/hannahteonea/Sites/tertiary-reviews-master/vendor/symfony/console/Symfony/Component/Console/Application.php(126): Symfony\Component\Console\Application->doRun(Object(Symfony\Component\Console\Input\ArgvInput), Object(Symfony\Component\Console\Output\ConsoleOutput))
#19 /Users/hannahteonea/Sites/tertiary-reviews-master/vendor/laravel/framework/src/Illuminate/Foundation/Console/Kernel.php(94): Symfony\Component\Console\Application->run(Object(Symfony\Component\Console\Input\ArgvInput), Object(Symfony\Component\Console\Output\ConsoleOutput))
#20 /Users/hannahteonea/Sites/tertiary-reviews-master/artisan(36): Illuminate\Foundation\Console\Kernel->handle(Object(Symfony\Component\Console\Input\ArgvInput), Object(Symfony\Component\Console\Output\ConsoleOutput))
#21 {main}  
[2015-03-29 01:08:22] local.ERROR: exception 'PDOException' with message 'SQLSTATE[HY000] [2002] No such file or directory' in /Users/hannahteonea/Sites/tertiary-reviews-master/vendor/laravel/framework/src/Illuminate/Database/Connectors/Connector.php:47
Stack trace:
#0 /Users/hannahteonea/Sites/tertiary-reviews-master/vendor/laravel/framework/src/Illuminate/Database/Connectors/Connector.php(47): PDO->__construct('mysql:host=loca...', 'root', '', Array)
#1 /Users/hannahteonea/Sites/tertiary-reviews-master/vendor/laravel/framework/src/Illuminate/Database/Connectors/MySqlConnector.php(20): Illuminate\Database\Connectors\Connector->createConnection('mysql:host=loca...', Array, Array)
#2 /Users/hannahteonea/Sites/tertiary-reviews-master/vendor/laravel/framework/src/Illuminate/Database/Connectors/ConnectionFactory.php(58): Illuminate\Database\Connectors\MySqlConnector->connect(Array)
#3 /Users/hannahteonea/Sites/tertiary-reviews-master/vendor/laravel/framework/src/Illuminate/Database/Connectors/ConnectionFactory.php(47): Illuminate\Database\Connectors\ConnectionFactory->createSingleConnection(Array)
#4 /Users/hannahteonea/Sites/tertiary-reviews-master/vendor/laravel/framework/src/Illuminate/Database/DatabaseManager.php(177): Illuminate\Database\Connectors\ConnectionFactory->make(Array, 'mysql')
#5 /Users/hannahteonea/Sites/tertiary-reviews-master/vendor/laravel/framework/src/Illuminate/Database/DatabaseManager.php(65): Illuminate\Database\DatabaseManager->makeConnection('mysql')
#6 /Users/hannahteonea/Sites/tertiary-reviews-master/vendor/laravel/framework/src/Illuminate/Database/Migrations/DatabaseMigrationRepository.php(167): Illuminate\Database\DatabaseManager->connection(NULL)
#7 /Users/hannahteonea/Sites/tertiary-reviews-master/vendor/laravel/framework/src/Illuminate/Database/Migrations/DatabaseMigrationRepository.php(135): Illuminate\Database\Migrations\DatabaseMigrationRepository->getConnection()
#8 /Users/hannahteonea/Sites/tertiary-reviews-master/vendor/laravel/framework/src/Illuminate/Database/Migrations/Migrator.php(371): Illuminate\Database\Migrations\DatabaseMigrationRepository->repositoryExists()
#9 /Users/hannahteonea/Sites/tertiary-reviews-master/vendor/laravel/framework/src/Illuminate/Database/Console/Migrations/MigrateCommand.php(101): Illuminate\Database\Migrations\Migrator->repositoryExists()
#10 /Users/hannahteonea/Sites/tertiary-reviews-master/vendor/laravel/framework/src/Illuminate/Database/Console/Migrations/MigrateCommand.php(54): Illuminate\Database\Console\Migrations\MigrateCommand->prepareDatabase()
#11 [internal function]: Illuminate\Database\Console\Migrations\MigrateCommand->fire()
#12 /Users/hannahteonea/Sites/tertiary-reviews-master/vendor/laravel/framework/src/Illuminate/Container/Container.php(523): call_user_func_array(Array, Array)
#13 /Users/hannahteonea/Sites/tertiary-reviews-master/vendor/laravel/framework/src/Illuminate/Console/Command.php(115): Illuminate\Container\Container->call(Array)
#14 /Users/hannahteonea/Sites/tertiary-reviews-master/vendor/symfony/console/Symfony/Component/Console/Command/Command.php(257): Illuminate\Console\Command->execute(Object(Symfony\Component\Console\Input\ArgvInput), Object(Symfony\Component\Console\Output\ConsoleOutput))
#15 /Users/hannahteonea/Sites/tertiary-reviews-master/vendor/laravel/framework/src/Illuminate/Console/Command.php(101): Symfony\Component\Console\Command\Command->run(Object(Symfony\Component\Console\Input\ArgvInput), Object(Symfony\Component\Console\Output\ConsoleOutput))
#16 /Users/hannahteonea/Sites/tertiary-reviews-master/vendor/symfony/console/Symfony/Component/Console/Application.php(874): Illuminate\Console\Command->run(Object(Symfony\Component\Console\Input\ArgvInput), Object(Symfony\Component\Console\Output\ConsoleOutput))
#17 /Users/hannahteonea/Sites/tertiary-reviews-master/vendor/symfony/console/Symfony/Component/Console/Application.php(195): Symfony\Component\Console\Application->doRunCommand(Object(Illuminate\Database\Console\Migrations\MigrateCommand), Object(Symfony\Component\Console\Input\ArgvInput), Object(Symfony\Component\Console\Output\ConsoleOutput))
#18 /Users/hannahteonea/Sites/tertiary-reviews-master/vendor/symfony/console/Symfony/Component/Console/Application.php(126): Symfony\Component\Console\Application->doRun(Object(Symfony\Component\Console\Input\ArgvInput), Object(Symfony\Component\Console\Output\ConsoleOutput))
#19 /Users/hannahteonea/Sites/tertiary-reviews-master/vendor/laravel/framework/src/Illuminate/Foundation/Console/Kernel.php(94): Symfony\Component\Console\Application->run(Object(Symfony\Component\Console\Input\ArgvInput), Object(Symfony\Component\Console\Output\ConsoleOutput))
#20 /Users/hannahteonea/Sites/tertiary-reviews-master/artisan(36): Illuminate\Foundation\Console\Kernel->handle(Object(Symfony\Component\Console\Input\ArgvInput), Object(Symfony\Component\Console\Output\ConsoleOutput))
#21 {main}  
[2015-03-29 01:08:57] local.ERROR: exception 'Symfony\Component\Debug\Exception\FatalErrorException' with message 'Cannot redeclare class CreateReviewsTable' in /Users/hannahteonea/Sites/tertiary-reviews-master/database/migrations/2015_03_27_035623_create_reviews_table.php:32
Stack trace:
#0 {main}  
[2015-03-29 01:10:28] local.ERROR: exception 'Symfony\Component\Debug\Exception\FatalErrorException' with message 'Cannot redeclare class CreateReviewsTable' in /Users/hannahteonea/Sites/tertiary-reviews-master/database/migrations/2015_03_27_035623_create_reviews_table.php:32
Stack trace:
#0 {main}  
[2015-03-29 22:37:21] local.ERROR: exception 'RuntimeException' with message 'Too many arguments.' in /Users/hannahteonea/Sites/tertiary-reviews-master/vendor/symfony/console/Symfony/Component/Console/Input/ArgvInput.php:181
Stack trace:
#0 /Users/hannahteonea/Sites/tertiary-reviews-master/vendor/symfony/console/Symfony/Component/Console/Input/ArgvInput.php(90): Symfony\Component\Console\Input\ArgvInput->parseArgument('[--database[=te...')
#1 /Users/hannahteonea/Sites/tertiary-reviews-master/vendor/symfony/console/Symfony/Component/Console/Input/Input.php(61): Symfony\Component\Console\Input\ArgvInput->parse()
#2 /Users/hannahteonea/Sites/tertiary-reviews-master/vendor/symfony/console/Symfony/Component/Console/Command/Command.php(229): Symfony\Component\Console\Input\Input->bind(Object(Symfony\Component\Console\Input\InputDefinition))
#3 /Users/hannahteonea/Sites/tertiary-reviews-master/vendor/laravel/framework/src/Illuminate/Console/Command.php(101): Symfony\Component\Console\Command\Command->run(Object(Symfony\Component\Console\Input\ArgvInput), Object(Symfony\Component\Console\Output\ConsoleOutput))
#4 /Users/hannahteonea/Sites/tertiary-reviews-master/vendor/symfony/console/Symfony/Component/Console/Application.php(874): Illuminate\Console\Command->run(Object(Symfony\Component\Console\Input\ArgvInput), Object(Symfony\Component\Console\Output\ConsoleOutput))
#5 /Users/hannahteonea/Sites/tertiary-reviews-master/vendor/symfony/console/Symfony/Component/Console/Application.php(195): Symfony\Component\Console\Application->doRunCommand(Object(Illuminate\Database\Console\Migrations\RefreshCommand), Object(Symfony\Component\Console\Input\ArgvInput), Object(Symfony\Component\Console\Output\ConsoleOutput))
#6 /Users/hannahteonea/Sites/tertiary-reviews-master/vendor/symfony/console/Symfony/Component/Console/Application.php(126): Symfony\Component\Console\Application->doRun(Object(Symfony\Component\Console\Input\ArgvInput), Object(Symfony\Component\Console\Output\ConsoleOutput))
#7 /Users/hannahteonea/Sites/tertiary-reviews-master/vendor/laravel/framework/src/Illuminate/Foundation/Console/Kernel.php(94): Symfony\Component\Console\Application->run(Object(Symfony\Component\Console\Input\ArgvInput), Object(Symfony\Component\Console\Output\ConsoleOutput))
#8 /Users/hannahteonea/Sites/tertiary-reviews-master/artisan(36): Illuminate\Foundation\Console\Kernel->handle(Object(Symfony\Component\Console\Input\ArgvInput), Object(Symfony\Component\Console\Output\ConsoleOutput))
#9 {main}  
[2015-03-29 22:37:33] local.ERROR: exception 'RuntimeException' with message 'Too many arguments.' in /Users/hannahteonea/Sites/tertiary-reviews-master/vendor/symfony/console/Symfony/Component/Console/Input/ArgvInput.php:181
Stack trace:
#0 /Users/hannahteonea/Sites/tertiary-reviews-master/vendor/symfony/console/Symfony/Component/Console/Input/ArgvInput.php(90): Symfony\Component\Console\Input\ArgvInput->parseArgument('[--database[=te...')
#1 /Users/hannahteonea/Sites/tertiary-reviews-master/vendor/symfony/console/Symfony/Component/Console/Input/Input.php(61): Symfony\Component\Console\Input\ArgvInput->parse()
#2 /Users/hannahteonea/Sites/tertiary-reviews-master/vendor/symfony/console/Symfony/Component/Console/Command/Command.php(229): Symfony\Component\Console\Input\Input->bind(Object(Symfony\Component\Console\Input\InputDefinition))
#3 /Users/hannahteonea/Sites/tertiary-reviews-master/vendor/laravel/framework/src/Illuminate/Console/Command.php(101): Symfony\Component\Console\Command\Command->run(Object(Symfony\Component\Console\Input\ArgvInput), Object(Symfony\Component\Console\Output\ConsoleOutput))
#4 /Users/hannahteonea/Sites/tertiary-reviews-master/vendor/symfony/console/Symfony/Component/Console/Application.php(874): Illuminate\Console\Command->run(Object(Symfony\Component\Console\Input\ArgvInput), Object(Symfony\Component\Console\Output\ConsoleOutput))
#5 /Users/hannahteonea/Sites/tertiary-reviews-master/vendor/symfony/console/Symfony/Component/Console/Application.php(195): Symfony\Component\Console\Application->doRunCommand(Object(Illuminate\Database\Console\Migrations\RefreshCommand), Object(Symfony\Component\Console\Input\ArgvInput), Object(Symfony\Component\Console\Output\ConsoleOutput))
#6 /Users/hannahteonea/Sites/tertiary-reviews-master/vendor/symfony/console/Symfony/Component/Console/Application.php(126): Symfony\Component\Console\Application->doRun(Object(Symfony\Component\Console\Input\ArgvInput), Object(Symfony\Component\Console\Output\ConsoleOutput))
#7 /Users/hannahteonea/Sites/tertiary-reviews-master/vendor/laravel/framework/src/Illuminate/Foundation/Console/Kernel.php(94): Symfony\Component\Console\Application->run(Object(Symfony\Component\Console\Input\ArgvInput), Object(Symfony\Component\Console\Output\ConsoleOutput))
#8 /Users/hannahteonea/Sites/tertiary-reviews-master/artisan(36): Illuminate\Foundation\Console\Kernel->handle(Object(Symfony\Component\Console\Input\ArgvInput), Object(Symfony\Component\Console\Output\ConsoleOutput))
#9 {main}  
